2023-11-20 15:20:14,697 : 当前双色球期号为23133
2023-11-20 15:20:14,997 : 当前双色球期号为23133
2023-11-20 15:20:16,077 : 开始下载双色球数据...
2023-11-20 15:21:02,688 : 当前双色球期号为23133
2023-11-20 15:21:02,944 : 当前双色球期号为23133
2023-11-20 15:21:04,019 : 开始下载双色球数据...
2023-11-20 15:22:26,264 : 当前双色球期号为23133
2023-11-20 15:22:26,545 : 当前双色球期号为23133
2023-11-20 15:22:27,718 : 开始下载双色球数据...
2023-11-20 15:22:27,907 : 全量双色球数据已下载完成，最新期数为23133期...
2023-11-20 15:34:55,785 : 当前双色球期号为23133
2023-11-20 15:34:56,030 : 当前双色球期号为23133
2023-11-20 15:34:57,109 : 开始下载双色球数据...
2023-11-20 15:34:57,301 : 全量双色球数据已下载完成，最新期数为23133期...
2023-11-20 15:36:29,597 : 当前双色球期号为23133
2023-11-20 15:36:29,871 : 当前双色球期号为23133
2023-11-20 15:36:30,936 : 开始下载双色球数据...
2023-11-20 15:36:31,152 : 全量双色球数据已下载完成，最新期数为23133期...
2023-11-20 15:41:47,570 : 当前双色球期号为23133
2023-11-20 15:41:47,784 : 当前双色球期号为23133
2023-11-20 15:41:48,857 : 开始下载双色球数据...
2023-11-20 15:41:49,049 : 全量双色球数据已下载完成，最新期数为23133期...
2023-11-20 15:43:12,174 : 当前双色球期号为23133
2023-11-20 15:43:12,440 : 当前双色球期号为23133
2023-11-20 15:43:13,682 : 开始下载双色球数据...
2023-11-20 15:43:13,873 : 全量双色球数据已下载完成，最新期数为23133期...
2023-11-20 15:46:59,196 : 当前双色球期号为23133
2023-11-20 15:46:59,505 : 当前双色球期号为23133
2023-11-20 15:47:00,555 : 开始下载双色球数据...
2023-11-20 15:47:00,745 : 全量双色球数据已下载完成，最新期数为23133期...
2023-11-20 15:48:22,416 : 当前双色球期号为23133
2023-11-20 15:48:22,647 : 当前双色球期号为23133
2023-11-20 15:48:23,711 : 开始下载双色球数据...
2023-11-20 15:48:23,901 : 全量双色球数据已下载完成，最新期数为23133期...
2023-11-20 15:56:03,606 : 当前双色球期号为23133
2023-11-20 15:56:03,846 : 当前双色球期号为23133
2023-11-20 15:56:04,895 : 开始下载双色球数据...
2023-11-20 15:56:05,086 : 全量双色球数据已下载完成，最新期数为23133期...
2023-11-20 15:56:12,495 : 当前双色球期号为23133
2023-11-20 15:56:12,715 : 当前双色球期号为23133
2023-11-20 15:56:13,777 : 开始下载双色球数据...
2023-11-20 15:56:13,966 : 全量双色球数据已下载完成，最新期数为23133期...
2023-11-20 15:59:01,824 : 当前双色球期号为23133
2023-11-20 15:59:02,133 : 当前双色球期号为23133
2023-11-20 16:00:57,114 : getSsqData.py   当前双色球期号为23133
2023-11-20 16:00:57,318 : getSsqData.py   当前双色球期号为23133
2023-11-20 16:08:52,047 : getSsqData.py  当前双色球期号为23133
2023-11-20 16:10:23,932 : getSsqData.py  当前双色球期号为23133
2023-11-20 16:10:23,932 : generateSsqNums.py  当前本地数据与官网最新数据期号一致，使用本地数据...
2023-11-20 16:14:29,910 : getSsqData.py  当前双色球期号为23133
2023-11-20 16:14:29,911 : generateSsqNums.py  当前本地数据与官网最新数据期号一致，使用本地数据...
2023-11-20 16:14:55,232 : getSsqData.py  当前双色球期号为23133
2023-11-20 16:14:55,233 : generateSsqNums.py  当前存在比本地数据更新的数据，即将从网上下载最新数据...
2023-11-20 16:14:56,260 : getSsqData.py  开始下载双色球数据...
2023-11-20 16:14:56,487 : getSsqData.py  全量双色球数据已下载完成，最新期数为23133期...
2023-11-20 16:24:03,100 : getSsqData.py  当前双色球期号为23133
2023-11-20 16:25:33,437 : getSsqData.py  当前双色球期号为23133
2023-11-20 16:27:18,539 : getSsqData.py  当前双色球期号为23133
2023-11-20 16:28:29,175 : getSsqData.py  当前双色球期号为23133
2023-11-20 16:29:24,702 : getSsqData.py  当前双色球期号为23133
2023-11-20 16:29:38,338 : getSsqData.py  当前双色球期号为23133
2023-11-20 16:30:00,334 : getSsqData.py  当前双色球期号为23133
2023-11-20 16:30:01,248 : getSsqData.py  当前双色球期号为23133
2023-11-20 16:30:25,561 : generateSsqNums.py  当前存在比本地数据更新的数据，即将从网上下载最新数据...
2023-11-20 16:30:26,709 : getSsqData.py  开始下载双色球数据...
2023-11-20 16:30:26,904 : getSsqData.py  全量双色球数据已下载完成，最新期数为23133期...
2023-11-20 16:35:05,228 : getSsqData.py  当前双色球期号为23133
2023-11-20 16:35:14,811 : generateSsqNums.py  当前存在比本地数据更新的数据，即将从网上下载最新数据...
2023-11-20 16:35:15,974 : getSsqData.py  开始下载双色球数据...
2023-11-20 16:35:16,164 : getSsqData.py  全量双色球数据已下载完成，最新期数为23133期...
2023-11-20 16:36:59,917 : getSsqData.py  当前双色球期号为23133
2023-11-20 16:41:16,559 : generateSsqNums.py  当前存在比本地数据更新的数据，即将从网上下载最新数据...
2023-11-20 16:41:17,706 : getSsqData.py  开始下载双色球数据...
2023-11-20 16:41:17,899 : getSsqData.py  全量双色球数据已下载完成，最新期数为23133期...
2023-11-20 16:44:47,371 : getSsqData.py  当前双色球期号为23133
2023-11-20 16:44:50,260 : generateSsqNums.py  当前存在比本地数据更新的数据，即将从网上下载最新数据...
2023-11-20 16:44:51,402 : getSsqData.py  开始下载双色球数据...
2023-11-20 16:44:51,594 : getSsqData.py  全量双色球数据已下载完成，最新期数为23133期...
2023-11-20 16:45:00,610 : getSsqData.py  当前双色球期号为23133
2023-11-20 16:46:02,132 : getSsqData.py  当前双色球期号为23133
2023-11-20 16:46:04,717 : generateSsqNums.py  当前存在比本地数据更新的数据，即将从网上下载最新数据...
2023-11-20 16:46:05,941 : getSsqData.py  开始下载双色球数据...
2023-11-20 16:46:06,133 : getSsqData.py  全量双色球数据已下载完成，最新期数为23133期...
2023-11-20 16:46:26,993 : generateSsqNums.py  当前存在比本地数据更新的数据，即将从网上下载最新数据...
2023-11-20 16:46:28,160 : getSsqData.py  开始下载双色球数据...
2023-11-20 16:46:28,355 : getSsqData.py  全量双色球数据已下载完成，最新期数为23133期...
2023-11-20 16:46:54,485 : getSsqData.py  当前双色球期号为23133
2023-11-20 16:46:55,265 : getSsqData.py  当前双色球期号为23133
2023-11-20 16:48:01,491 : getSsqData.py  当前双色球期号为23133
2023-11-20 16:48:01,491 : generateSsqNums.py  当前存在比本地数据更新的数据，即将从网上下载最新数据...
2023-11-20 16:48:02,588 : getSsqData.py  开始下载双色球数据...
2023-11-20 16:48:02,779 : getSsqData.py  全量双色球数据已下载完成，最新期数为0期...
2023-11-20 16:48:14,978 : getSsqData.py  当前双色球期号为23133
2023-11-20 16:48:14,979 : generateSsqNums.py  当前存在比本地数据更新的数据，即将从网上下载最新数据...
2023-11-20 16:48:16,057 : getSsqData.py  开始下载双色球数据...
2023-11-20 16:48:16,247 : getSsqData.py  全量双色球数据已下载完成，最新期数为0期...
2023-11-20 16:48:35,219 : getSsqData.py  当前双色球期号为23133
2023-11-20 16:48:35,220 : generateSsqNums.py  当前本地数据与官网最新数据期号一致，使用本地数据...
2023-11-20 17:26:25,139 : getSsqData.py  当前双色球期号为23133
2023-11-20 17:26:25,140 : generateSsqNums.py  当前本地数据与官网最新数据期号一致，使用本地数据...
2023-11-20 17:26:40,677 : getSsqData.py  当前双色球期号为23133
2023-11-20 17:26:40,678 : generateSsqNums.py  当前本地数据与官网最新数据期号一致，使用本地数据...
2023-11-20 17:27:31,355 : getSsqData.py  当前双色球期号为23133
2023-11-20 17:27:31,356 : generateSsqNums.py  当前存在比本地数据更新的数据，即将从网上下载最新数据...
2023-11-20 17:27:32,482 : getSsqData.py  开始下载双色球数据...
2023-11-20 17:27:32,677 : getSsqData.py  全量双色球数据已下载完成，最新期数为0期...
2023-11-20 17:29:12,474 : getSsqData.py  当前双色球期号为23133
2023-11-20 17:29:12,475 : generateSsqNums.py  当前存在比本地数据更新的数据，即将从网上下载最新数据...
2023-11-20 17:29:13,673 : getSsqData.py  开始下载双色球数据...
2023-11-20 17:29:13,865 : getSsqData.py  全量双色球数据已下载完成，最新期数为0期...
2023-11-20 17:29:31,377 : getSsqData.py  当前双色球期号为23133
2023-11-20 17:29:31,378 : generateSsqNums.py  当前存在比本地数据更新的数据，即将从网上下载最新数据...
2023-11-20 17:29:32,491 : getSsqData.py  开始下载双色球数据...
2023-11-20 17:29:32,681 : getSsqData.py  全量双色球数据已下载完成，最新期数为0期...
2023-11-20 17:30:34,251 : getSsqData.py  当前双色球期号为23133
2023-11-20 17:30:34,251 : generateSsqNums.py  当前存在比本地数据更新的数据，即将从网上下载最新数据...
2023-11-20 17:30:35,376 : getSsqData.py  开始下载双色球数据...
2023-11-20 17:30:35,566 : getSsqData.py  全量双色球数据已下载完成，最新期数为0期...
2023-11-20 17:31:24,435 : getSsqData.py  当前双色球期号为23133
2023-11-20 17:31:24,436 : generateSsqNums.py  当前存在比本地数据更新的数据，即将从网上下载最新数据...
2023-11-20 17:31:25,599 : getSsqData.py  开始下载双色球数据...
2023-11-20 17:31:25,789 : getSsqData.py  全量双色球数据已下载完成，最新期数为0期...
2023-11-20 17:33:34,015 : getSsqData.py  当前双色球期号为23133
2023-11-20 17:33:34,016 : generateSsqNums.py  当前存在比本地数据更新的数据，即将从网上下载最新数据...
2023-11-20 17:33:35,126 : getSsqData.py  开始下载双色球数据...
2023-11-20 17:33:35,318 : getSsqData.py  全量双色球数据已下载完成，最新期数为0期...
2023-11-20 17:34:41,899 : getSsqData.py  当前双色球期号为23133
2023-11-20 17:34:41,900 : generateSsqNums.py  当前存在比本地数据更新的数据，即将从网上下载最新数据...
2023-11-20 17:34:42,994 : getSsqData.py  开始下载双色球数据...
2023-11-20 17:34:43,186 : getSsqData.py  全量双色球数据已下载完成，最新期数为0期...
2023-11-20 17:35:03,213 : getSsqData.py  当前双色球期号为23133
2023-11-20 17:35:03,214 : generateSsqNums.py  当前存在比本地数据更新的数据，即将从网上下载最新数据...
2023-11-20 17:35:04,321 : getSsqData.py  开始下载双色球数据...
2023-11-20 17:35:04,515 : getSsqData.py  全量双色球数据已下载完成，最新期数为0期...
2023-11-20 17:36:06,416 : getSsqData.py  当前双色球期号为23133
2023-11-20 17:36:06,416 : generateSsqNums.py  当前存在比本地数据更新的数据，即将从网上下载最新数据...
2023-11-20 17:36:06,642 : getSsqData.py  开始下载双色球数据...
2023-11-20 17:36:06,645 : getSsqData.py  全量双色球数据已下载完成，最新期数为<bound method SsqData.get_current_remote_number of <ssq_predict.getSsqData.SsqData object at 0x1230fb8e0>>期...
2023-11-20 17:36:26,183 : getSsqData.py  当前双色球期号为23133
2023-11-20 17:36:26,184 : generateSsqNums.py  当前存在比本地数据更新的数据，即将从网上下载最新数据...
2023-11-20 17:36:26,419 : getSsqData.py  当前双色球期号为23133
2023-11-20 17:36:27,563 : getSsqData.py  开始下载双色球数据...
2023-11-20 17:36:27,960 : getSsqData.py  当前双色球期号为23133
2023-11-20 17:36:27,961 : getSsqData.py  全量双色球数据已下载完成，最新期数为23133期...
2023-11-20 17:36:41,816 : getSsqData.py  当前双色球期号为23133
2023-11-20 17:36:41,816 : generateSsqNums.py  当前存在比本地数据更新的数据，即将从网上下载最新数据...
2023-11-20 17:36:42,038 : getSsqData.py  当前双色球期号为23133
2023-11-20 17:36:43,197 : getSsqData.py  开始下载双色球数据...
2023-11-20 17:36:43,608 : getSsqData.py  当前双色球期号为23133
2023-11-20 17:36:43,609 : getSsqData.py  全量双色球数据已下载完成，最新期数为23133期...
2023-11-20 17:41:30,183 : getSsqData.py  当前双色球期号为23133
2023-11-20 17:41:30,183 : generateSsqNums.py  当前存在比本地数据更新的数据，即将从网上下载最新数据...
2023-11-20 17:41:30,451 : getSsqData.py  当前双色球期号为23133
2023-11-20 17:41:31,591 : getSsqData.py  开始下载双色球数据...
2023-11-20 17:41:32,069 : getSsqData.py  当前双色球期号为23133
2023-11-20 17:41:32,071 : getSsqData.py  全量双色球数据已下载完成，最新期数为23133期...
2023-11-20 17:45:08,358 : getSsqData.py  当前双色球期号为23133
2023-11-20 17:45:08,358 : generateSsqNums.py  当前存在比本地数据更新的数据，即将从网上下载最新数据...
2023-11-20 17:45:08,601 : getSsqData.py  当前双色球期号为23133
2023-11-20 17:45:09,759 : getSsqData.py  开始下载双色球数据...
2023-11-20 17:45:10,238 : getSsqData.py  当前双色球期号为23133
2023-11-20 17:45:10,239 : getSsqData.py  全量双色球数据已下载完成，最新期数为23133期...
2023-11-20 17:47:49,790 : getSsqData.py  当前双色球期号为23133
2023-11-20 17:47:49,791 : generateSsqNums.py  当前存在比本地数据更新的数据，即将从网上下载最新数据...
2023-11-20 17:47:50,028 : getSsqData.py  当前双色球期号为23133
2023-11-20 17:47:51,165 : getSsqData.py  开始下载双色球数据...
2023-11-20 17:47:51,602 : getSsqData.py  当前双色球期号为23133
2023-11-20 17:47:51,603 : getSsqData.py  全量双色球数据已下载完成，最新期数为23133期...
2023-11-20 17:50:16,743 : getSsqData.py  当前双色球期号为23133
2023-11-20 17:50:16,744 : generateSsqNums.py  当前存在比本地数据更新的数据，即将从网上下载最新数据...
2023-11-20 17:50:16,942 : getSsqData.py  当前双色球期号为23133
2023-11-20 17:50:18,073 : getSsqData.py  开始下载双色球数据...
2023-11-20 17:50:18,550 : getSsqData.py  当前双色球期号为23133
2023-11-20 17:50:18,551 : getSsqData.py  全量双色球数据已下载完成，最新期数为23133期...
2023-11-20 17:50:18,552 : generateSsqNums.py  随机获取200组双色球数据...
2023-11-20 17:50:20,803 : generateSsqNums.py  通过规则剔除部分不可能的数据组合，剩余1000组数据组合...
2023-11-20 17:51:12,352 : getSsqData.py  当前双色球期号为23133
2023-11-20 17:51:12,353 : generateSsqNums.py  当前存在比本地数据更新的数据，即将从网上下载最新数据...
2023-11-20 17:51:12,627 : getSsqData.py  当前双色球期号为23133
2023-11-20 17:51:13,812 : getSsqData.py  开始下载双色球数据...
2023-11-20 17:51:14,222 : getSsqData.py  当前双色球期号为23133
2023-11-20 17:51:14,225 : getSsqData.py  全量双色球数据已下载完成，最新期数为23133期...
2023-11-20 17:51:14,225 : generateSsqNums.py  随机获取200组双色球数据...
2023-11-20 17:51:14,711 : generateSsqNums.py  通过规则剔除部分不可能的数据组合，剩余200组数据组合...
2023-11-20 20:25:22,496 : getSsqData.py  当前双色球期号为23133
2023-11-20 20:25:22,497 : generateSsqNums.py  当前存在比本地数据更新的数据，即将从网上下载最新数据...
2023-11-20 20:25:22,771 : getSsqData.py  当前双色球期号为23133
2023-11-20 20:25:23,955 : getSsqData.py  开始下载双色球数据...
2023-11-20 20:25:24,430 : getSsqData.py  当前双色球期号为23133
2023-11-20 20:25:24,431 : getSsqData.py  全量双色球数据已下载完成，最新期数为23133期...
2023-11-20 20:25:24,692 : generateSsqNums.py  随机获取200组双色球数据...
2023-11-20 20:25:24,730 : generateSsqNums.py  为随机生成的数据增加辅助计算列...
2023-11-20 20:29:41,754 : getSsqData.py  当前双色球期号为23133
2023-11-20 20:29:41,755 : generateSsqNums.py  当前存在比本地数据更新的数据，即将从网上下载最新数据...
2023-11-20 20:29:42,028 : getSsqData.py  当前双色球期号为23133
2023-11-20 20:29:43,122 : getSsqData.py  开始下载双色球数据...
2023-11-20 20:29:43,594 : getSsqData.py  当前双色球期号为23133
2023-11-20 20:29:43,596 : getSsqData.py  全量双色球数据已下载完成，最新期数为23133期...
2023-11-20 20:29:43,769 : generateSsqNums.py  随机获取200组双色球数据...
2023-11-20 20:29:43,819 : generateSsqNums.py  为随机生成的数据增加辅助计算列...
2023-11-20 20:31:03,596 : getSsqData.py  当前双色球期号为23133
2023-11-20 20:31:03,597 : generateSsqNums.py  当前存在比本地数据更新的数据，即将从网上下载最新数据...
2023-11-20 20:31:03,890 : getSsqData.py  当前双色球期号为23133
2023-11-20 20:31:05,022 : getSsqData.py  开始下载双色球数据...
2023-11-20 20:31:05,444 : getSsqData.py  当前双色球期号为23133
2023-11-20 20:31:05,445 : getSsqData.py  全量双色球数据已下载完成，最新期数为23133期...
2023-11-20 20:31:05,611 : generateSsqNums.py  随机获取200组双色球数据...
2023-11-20 20:31:05,654 : generateSsqNums.py  为随机生成的数据增加辅助计算列...
2023-11-20 20:32:27,880 : getSsqData.py  当前双色球期号为23133
2023-11-20 20:32:27,881 : generateSsqNums.py  当前存在比本地数据更新的数据，即将从网上下载最新数据...
2023-11-20 20:32:28,146 : getSsqData.py  当前双色球期号为23133
2023-11-20 20:32:29,249 : getSsqData.py  开始下载双色球数据...
2023-11-20 20:32:29,676 : getSsqData.py  当前双色球期号为23133
2023-11-20 20:32:29,676 : getSsqData.py  全量双色球数据已下载完成，最新期数为23133期...
2023-11-20 20:35:59,267 : getSsqData.py  当前双色球期号为23133
2023-11-20 20:35:59,268 : generateSsqNums.py  当前存在比本地数据更新的数据，即将从网上下载最新数据...
2023-11-20 20:35:59,468 : getSsqData.py  当前双色球期号为23133
2023-11-20 20:36:00,581 : getSsqData.py  开始下载双色球数据...
2023-11-20 20:36:01,033 : getSsqData.py  当前双色球期号为23133
2023-11-20 20:36:01,034 : getSsqData.py  全量双色球数据已下载完成，最新期数为23133期...
2023-11-20 20:40:01,230 : getSsqData.py  当前双色球期号为23133
2023-11-20 20:40:01,231 : generateSsqNums.py  当前存在比本地数据更新的数据，即将从网上下载最新数据...
2023-11-20 20:40:01,449 : getSsqData.py  当前双色球期号为23133
2023-11-20 20:40:02,646 : getSsqData.py  开始下载双色球数据...
2023-11-20 20:40:03,101 : getSsqData.py  当前双色球期号为23133
2023-11-20 20:40:03,102 : getSsqData.py  全量双色球数据已下载完成，最新期数为23133期...
2023-11-20 20:40:54,876 : getSsqData.py  当前双色球期号为23133
2023-11-20 20:40:54,877 : generateSsqNums.py  当前存在比本地数据更新的数据，即将从网上下载最新数据...
2023-11-20 20:40:55,116 : getSsqData.py  当前双色球期号为23133
2023-11-20 20:40:56,204 : getSsqData.py  开始下载双色球数据...
2023-11-20 20:40:56,613 : getSsqData.py  当前双色球期号为23133
2023-11-20 20:40:56,614 : getSsqData.py  全量双色球数据已下载完成，最新期数为23133期...
2023-11-20 21:32:11,258 : getSsqData.py  当前双色球期号为23133
2023-11-20 21:32:11,259 : generateSsqNums.py  当前存在比本地数据更新的数据，即将从网上下载最新数据...
2023-11-20 21:32:11,259 : generateSsqNums.py  当前存在比本地数据更新的数据，即将从网上下载最新数据...
2023-11-20 21:32:11,505 : getSsqData.py  当前双色球期号为23133
2023-11-20 21:32:12,630 : getSsqData.py  开始下载双色球数据...
2023-11-20 21:32:13,066 : getSsqData.py  当前双色球期号为23133
2023-11-20 21:32:13,067 : getSsqData.py  全量双色球数据已下载完成，最新期数为23133期...
2023-11-20 21:32:13,068 : generateSsqNums.py  随机获取200组双色球数据...
2023-11-20 21:32:13,068 : generateSsqNums.py  随机获取200组双色球数据...
2023-11-20 21:32:13,108 : generateSsqNums.py  为随机生成的数据增加辅助计算列...
2023-11-20 21:32:13,108 : generateSsqNums.py  为随机生成的数据增加辅助计算列...
2023-11-20 21:32:36,021 : getSsqData.py  当前双色球期号为23133
2023-11-20 21:32:36,022 : generateSsqNums.py  当前存在比本地数据更新的数据，即将从网上下载最新数据...
2023-11-20 21:32:36,307 : getSsqData.py  当前双色球期号为23133
2023-11-20 21:32:37,412 : getSsqData.py  开始下载双色球数据...
2023-11-20 21:32:37,822 : getSsqData.py  当前双色球期号为23133
2023-11-20 21:32:37,823 : getSsqData.py  全量双色球数据已下载完成，最新期数为23133期...
2023-11-20 21:32:37,824 : generateSsqNums.py  随机获取200组双色球数据...
2023-11-20 21:32:37,860 : generateSsqNums.py  为随机生成的数据增加辅助计算列...
2023-11-20 21:33:27,139 : getSsqData.py  当前双色球期号为23133
2023-11-20 21:33:27,141 : generateSsqNums.py  当前存在比本地数据更新的数据，即将从网上下载最新数据...
2023-11-20 21:33:27,394 : getSsqData.py  当前双色球期号为23133
2023-11-20 21:33:28,479 : getSsqData.py  开始下载双色球数据...
2023-11-20 21:33:28,933 : getSsqData.py  当前双色球期号为23133
2023-11-20 21:33:28,934 : getSsqData.py  全量双色球数据已下载完成，最新期数为23133期...
2023-11-20 21:33:28,936 : generateSsqNums.py  随机获取200组双色球数据...
2023-11-20 21:33:28,976 : generateSsqNums.py  为随机生成的数据增加辅助计算列...
2023-11-20 21:35:07,684 : getSsqData.py  当前双色球期号为23133
2023-11-20 21:35:07,685 : generateSsqNums.py  当前存在比本地数据更新的数据，即将从网上下载最新数据...
2023-11-20 21:35:07,975 : getSsqData.py  当前双色球期号为23133
2023-11-20 21:35:09,099 : getSsqData.py  开始下载双色球数据...
2023-11-20 21:35:09,492 : getSsqData.py  当前双色球期号为23133
2023-11-20 21:35:09,493 : getSsqData.py  全量双色球数据已下载完成，最新期数为23133期...
2023-11-20 21:35:09,494 : generateSsqNums.py  随机获取200组双色球数据...
2023-11-20 21:35:09,529 : generateSsqNums.py  为随机生成的数据增加辅助计算列...
2023-11-20 21:37:49,922 : getSsqData.py  当前双色球期号为23133
2023-11-20 21:37:49,922 : generateSsqNums.py  当前存在比本地数据更新的数据，即将从网上下载最新数据...
2023-11-20 21:37:50,147 : getSsqData.py  当前双色球期号为23133
2023-11-20 21:37:51,397 : getSsqData.py  开始下载双色球数据...
2023-11-20 21:37:51,919 : getSsqData.py  当前双色球期号为23133
2023-11-20 21:37:51,920 : getSsqData.py  全量双色球数据已下载完成，最新期数为23133期...
2023-11-20 21:37:51,922 : generateSsqNums.py  随机获取200组双色球数据...
2023-11-20 21:37:51,960 : generateSsqNums.py  为随机生成的数据增加辅助计算列...
2023-11-20 21:38:06,193 : getSsqData.py  当前双色球期号为23133
2023-11-20 21:38:06,194 : generateSsqNums.py  当前存在比本地数据更新的数据，即将从网上下载最新数据...
2023-11-20 21:38:06,466 : getSsqData.py  当前双色球期号为23133
2023-11-20 21:38:07,679 : getSsqData.py  开始下载双色球数据...
2023-11-20 21:38:08,070 : getSsqData.py  当前双色球期号为23133
2023-11-20 21:38:08,071 : getSsqData.py  全量双色球数据已下载完成，最新期数为23133期...
2023-11-20 21:38:08,072 : generateSsqNums.py  随机获取200组双色球数据...
2023-11-20 21:38:08,106 : generateSsqNums.py  为随机生成的数据增加辅助计算列...
2023-11-20 21:39:55,153 : getSsqData.py  当前双色球期号为23133
2023-11-20 21:39:55,154 : generateSsqNums.py  当前存在比本地数据更新的数据，即将从网上下载最新数据...
2023-11-20 21:39:55,423 : getSsqData.py  当前双色球期号为23133
2023-11-20 21:39:56,532 : getSsqData.py  开始下载双色球数据...
2023-11-20 21:39:57,010 : getSsqData.py  当前双色球期号为23133
2023-11-20 21:39:57,011 : getSsqData.py  全量双色球数据已下载完成，最新期数为23133期...
2023-11-20 21:39:57,012 : generateSsqNums.py  随机获取200组双色球数据...
2023-11-20 21:39:57,052 : generateSsqNums.py  为随机生成的数据增加辅助计算列...
2023-11-20 21:40:19,787 : getSsqData.py  当前双色球期号为23133
2023-11-20 21:40:19,787 : generateSsqNums.py  当前存在比本地数据更新的数据，即将从网上下载最新数据...
2023-11-20 21:40:20,041 : getSsqData.py  当前双色球期号为23133
2023-11-20 21:40:21,168 : getSsqData.py  开始下载双色球数据...
2023-11-20 21:40:21,569 : getSsqData.py  当前双色球期号为23133
2023-11-20 21:40:21,570 : getSsqData.py  全量双色球数据已下载完成，最新期数为23133期...
2023-11-20 21:40:21,571 : generateSsqNums.py  随机获取200组双色球数据...
2023-11-20 21:40:21,607 : generateSsqNums.py  为随机生成的数据增加辅助计算列...
2023-11-20 21:51:02,057 : getSsqData.py  当前双色球期号为23133
2023-11-20 21:51:02,058 : generateSsqNums.py  当前存在比本地数据更新的数据，即将从网上下载最新数据...
2023-11-20 21:51:02,393 : getSsqData.py  当前双色球期号为23133
2023-11-20 21:51:03,569 : getSsqData.py  开始下载双色球数据...
2023-11-20 21:51:04,054 : getSsqData.py  当前双色球期号为23133
2023-11-20 21:51:04,055 : getSsqData.py  全量双色球数据已下载完成，最新期数为23133期...
2023-11-20 21:51:04,056 : generateSsqNums.py  随机获取200组双色球数据...
2023-11-20 21:51:04,097 : generateSsqNums.py  为随机生成的数据增加辅助计算列...
2023-11-20 21:52:18,766 : getSsqData.py  当前双色球期号为23133
2023-11-20 21:52:18,768 : generateSsqNums.py  当前存在比本地数据更新的数据，即将从网上下载最新数据...
2023-11-20 21:52:19,029 : getSsqData.py  当前双色球期号为23133
2023-11-20 21:52:20,178 : getSsqData.py  开始下载双色球数据...
2023-11-20 21:52:20,580 : getSsqData.py  当前双色球期号为23133
2023-11-20 21:52:20,580 : getSsqData.py  全量双色球数据已下载完成，最新期数为23133期...
2023-11-20 21:52:20,582 : generateSsqNums.py  随机获取200组双色球数据...
2023-11-20 21:52:20,618 : generateSsqNums.py  为随机生成的数据增加辅助计算列...
2023-11-20 21:52:47,672 : getSsqData.py  当前双色球期号为23133
2023-11-20 21:52:47,673 : generateSsqNums.py  当前存在比本地数据更新的数据，即将从网上下载最新数据...
2023-11-20 21:52:47,933 : getSsqData.py  当前双色球期号为23133
2023-11-20 21:52:49,072 : getSsqData.py  开始下载双色球数据...
2023-11-20 21:52:49,507 : getSsqData.py  当前双色球期号为23133
2023-11-20 21:52:49,508 : getSsqData.py  全量双色球数据已下载完成，最新期数为23133期...
2023-11-20 21:52:49,510 : generateSsqNums.py  随机获取200组双色球数据...
2023-11-20 21:52:49,549 : generateSsqNums.py  为随机生成的数据增加辅助计算列...
2023-11-20 21:56:08,193 : getSsqData.py  当前双色球期号为23133
2023-11-20 21:56:08,194 : generateSsqNums.py  当前存在比本地数据更新的数据，即将从网上下载最新数据...
2023-11-20 21:56:08,545 : getSsqData.py  当前双色球期号为23133
2023-11-20 21:56:09,683 : getSsqData.py  开始下载双色球数据...
2023-11-20 21:56:10,158 : getSsqData.py  当前双色球期号为23133
2023-11-20 21:56:10,158 : getSsqData.py  全量双色球数据已下载完成，最新期数为23133期...
2023-11-20 21:56:10,159 : generateSsqNums.py  随机获取200组双色球数据...
2023-11-20 21:56:10,191 : generateSsqNums.py  为随机生成的数据增加辅助计算列...
2023-11-20 21:57:01,728 : getSsqData.py  当前双色球期号为23133
2023-11-20 21:57:01,729 : generateSsqNums.py  当前存在比本地数据更新的数据，即将从网上下载最新数据...
2023-11-20 21:57:01,952 : getSsqData.py  当前双色球期号为23133
2023-11-20 21:57:03,059 : getSsqData.py  开始下载双色球数据...
2023-11-20 21:57:03,481 : getSsqData.py  当前双色球期号为23133
2023-11-20 21:57:03,482 : getSsqData.py  全量双色球数据已下载完成，最新期数为23133期...
2023-11-20 21:57:03,483 : generateSsqNums.py  随机获取200组双色球数据...
2023-11-20 21:57:03,521 : generateSsqNums.py  为随机生成的数据增加辅助计算列...
2023-11-20 21:57:03,978 : __init__.py  保存最新的历史数据到数据库中...
2023-11-20 21:57:57,561 : getSsqData.py  当前双色球期号为23133
2023-11-20 21:57:57,562 : generateSsqNums.py  当前存在比本地数据更新的数据，即将从网上下载最新数据...
2023-11-20 21:57:57,794 : getSsqData.py  当前双色球期号为23133
2023-11-20 21:57:58,896 : getSsqData.py  开始下载双色球数据...
2023-11-20 21:57:59,313 : getSsqData.py  当前双色球期号为23133
2023-11-20 21:57:59,314 : getSsqData.py  全量双色球数据已下载完成，最新期数为23133期...
2023-11-20 21:57:59,315 : generateSsqNums.py  随机获取200组双色球数据...
2023-11-20 21:57:59,352 : generateSsqNums.py  为随机生成的数据增加辅助计算列...
2023-11-20 21:58:23,479 : getSsqData.py  当前双色球期号为23133
2023-11-20 21:58:23,480 : generateSsqNums.py  当前存在比本地数据更新的数据，即将从网上下载最新数据...
2023-11-20 21:58:23,693 : getSsqData.py  当前双色球期号为23133
2023-11-20 21:58:24,903 : getSsqData.py  开始下载双色球数据...
2023-11-20 21:58:25,322 : getSsqData.py  当前双色球期号为23133
2023-11-20 21:58:25,323 : getSsqData.py  全量双色球数据已下载完成，最新期数为23133期...
2023-11-20 21:58:25,324 : generateSsqNums.py  随机获取200组双色球数据...
2023-11-20 21:58:25,360 : generateSsqNums.py  为随机生成的数据增加辅助计算列...
2023-11-20 21:58:46,834 : getSsqData.py  当前双色球期号为23133
2023-11-20 21:58:46,835 : generateSsqNums.py  当前存在比本地数据更新的数据，即将从网上下载最新数据...
2023-11-20 21:58:47,091 : getSsqData.py  当前双色球期号为23133
2023-11-20 21:58:48,207 : getSsqData.py  开始下载双色球数据...
2023-11-20 21:58:48,609 : getSsqData.py  当前双色球期号为23133
2023-11-20 21:58:48,609 : getSsqData.py  全量双色球数据已下载完成，最新期数为23133期...
2023-11-20 21:58:48,610 : generateSsqNums.py  随机获取200组双色球数据...
2023-11-20 21:58:48,646 : generateSsqNums.py  为随机生成的数据增加辅助计算列...
2023-11-20 21:59:15,762 : getSsqData.py  当前双色球期号为23133
2023-11-20 21:59:15,764 : generateSsqNums.py  当前存在比本地数据更新的数据，即将从网上下载最新数据...
2023-11-20 21:59:15,959 : getSsqData.py  当前双色球期号为23133
2023-11-20 21:59:17,091 : getSsqData.py  开始下载双色球数据...
2023-11-20 21:59:17,518 : getSsqData.py  当前双色球期号为23133
2023-11-20 21:59:17,519 : getSsqData.py  全量双色球数据已下载完成，最新期数为23133期...
2023-11-20 21:59:17,520 : generateSsqNums.py  随机获取200组双色球数据...
2023-11-20 21:59:17,560 : generateSsqNums.py  为随机生成的数据增加辅助计算列...
2023-11-20 21:59:18,343 : __init__.py  保存最新的历史数据到数据库中...
2023-11-20 21:59:53,432 : getSsqData.py  当前双色球期号为23133
2023-11-20 21:59:53,433 : generateSsqNums.py  当前存在比本地数据更新的数据，即将从网上下载最新数据...
2023-11-20 21:59:53,670 : getSsqData.py  当前双色球期号为23133
2023-11-20 21:59:54,844 : getSsqData.py  开始下载双色球数据...
2023-11-20 21:59:55,342 : getSsqData.py  当前双色球期号为23133
2023-11-20 21:59:55,343 : getSsqData.py  全量双色球数据已下载完成，最新期数为23133期...
2023-11-20 21:59:55,345 : generateSsqNums.py  随机获取200组双色球数据...
2023-11-20 21:59:55,385 : generateSsqNums.py  为随机生成的数据增加辅助计算列...
2023-11-20 21:59:55,920 : __init__.py  保存最新的历史数据到数据库中...
2023-11-20 22:00:45,580 : getSsqData.py  当前双色球期号为23133
2023-11-20 22:00:45,580 : generateSsqNums.py  当前存在比本地数据更新的数据，即将从网上下载最新数据...
2023-11-20 22:00:45,818 : getSsqData.py  当前双色球期号为23133
2023-11-20 22:00:46,916 : getSsqData.py  开始下载双色球数据...
2023-11-20 22:00:47,339 : getSsqData.py  当前双色球期号为23133
2023-11-20 22:00:47,340 : getSsqData.py  全量双色球数据已下载完成，最新期数为23133期...
2023-11-20 22:00:47,342 : generateSsqNums.py  随机获取200组双色球数据...
2023-11-20 22:00:47,380 : generateSsqNums.py  为随机生成的数据增加辅助计算列...
2023-11-20 22:00:47,914 : __init__.py  保存最新的历史数据到数据库中...
2023-11-20 22:01:41,712 : getSsqData.py  当前双色球期号为23133
2023-11-20 22:01:41,713 : generateSsqNums.py  当前存在比本地数据更新的数据，即将从网上下载最新数据...
2023-11-20 22:01:41,931 : getSsqData.py  当前双色球期号为23133
2023-11-20 22:01:43,057 : getSsqData.py  开始下载双色球数据...
2023-11-20 22:01:43,525 : getSsqData.py  当前双色球期号为23133
2023-11-20 22:01:43,526 : getSsqData.py  全量双色球数据已下载完成，最新期数为23133期...
2023-11-20 22:01:43,528 : generateSsqNums.py  随机获取200组双色球数据...
2023-11-20 22:01:43,567 : generateSsqNums.py  为随机生成的数据增加辅助计算列...
2023-11-20 22:01:44,116 : __init__.py  保存最新的历史数据到数据库中...
2023-11-20 22:02:37,773 : getSsqData.py  当前双色球期号为23133
2023-11-20 22:02:37,774 : generateSsqNums.py  当前存在比本地数据更新的数据，即将从网上下载最新数据...
2023-11-20 22:02:38,055 : getSsqData.py  当前双色球期号为23133
2023-11-20 22:02:39,172 : getSsqData.py  开始下载双色球数据...
2023-11-20 22:02:39,595 : getSsqData.py  当前双色球期号为23133
2023-11-20 22:02:39,596 : getSsqData.py  全量双色球数据已下载完成，最新期数为23133期...
2023-11-20 22:02:39,597 : generateSsqNums.py  随机获取200组双色球数据...
2023-11-20 22:02:39,635 : generateSsqNums.py  为随机生成的数据增加辅助计算列...
2023-11-20 22:02:40,186 : __init__.py  保存最新的历史数据到数据库中...
2023-11-20 22:06:52,147 : getSsqData.py  当前双色球期号为23133
2023-11-20 22:06:52,148 : generateSsqNums.py  当前存在比本地数据更新的数据，即将从网上下载最新数据...
2023-11-20 22:06:52,405 : getSsqData.py  当前双色球期号为23133
2023-11-20 22:06:53,521 : getSsqData.py  开始下载双色球数据...
2023-11-20 22:06:53,948 : getSsqData.py  当前双色球期号为23133
2023-11-20 22:06:53,949 : getSsqData.py  全量双色球数据已下载完成，最新期数为23133期...
2023-11-20 22:06:53,950 : generateSsqNums.py  随机获取200组双色球数据...
2023-11-20 22:06:53,988 : generateSsqNums.py  为随机生成的数据增加辅助计算列...
2023-11-20 22:06:54,830 : __init__.py  保存最新的历史数据到数据库中...
2023-11-20 22:07:52,793 : getSsqData.py  当前双色球期号为23133
2023-11-20 22:07:52,794 : generateSsqNums.py  当前存在比本地数据更新的数据，即将从网上下载最新数据...
2023-11-20 22:07:53,036 : getSsqData.py  当前双色球期号为23133
2023-11-20 22:07:54,157 : getSsqData.py  开始下载双色球数据...
2023-11-20 22:07:54,566 : getSsqData.py  当前双色球期号为23133
2023-11-20 22:07:54,566 : getSsqData.py  全量双色球数据已下载完成，最新期数为23133期...
2023-11-20 22:07:54,567 : generateSsqNums.py  随机获取200组双色球数据...
2023-11-20 22:07:54,603 : generateSsqNums.py  为随机生成的数据增加辅助计算列...
2023-11-20 22:07:55,465 : __init__.py  保存最新的历史数据到数据库中...
2023-11-20 22:13:07,497 : getSsqData.py  当前双色球期号为23133
2023-11-20 22:13:07,499 : generateSsqNums.py  当前存在比本地数据更新的数据，即将从网上下载最新数据...
2023-11-20 22:13:07,760 : getSsqData.py  当前双色球期号为23133
2023-11-20 22:13:08,845 : getSsqData.py  开始下载双色球数据...
2023-11-20 22:13:09,257 : getSsqData.py  当前双色球期号为23133
2023-11-20 22:13:09,258 : getSsqData.py  全量双色球数据已下载完成，最新期数为23133期...
2023-11-20 22:13:09,259 : generateSsqNums.py  随机获取200组双色球数据...
2023-11-20 22:13:09,297 : generateSsqNums.py  为随机生成的数据增加辅助计算列...
2023-11-20 22:13:45,679 : getSsqData.py  当前双色球期号为23133
2023-11-20 22:13:45,680 : generateSsqNums.py  当前存在比本地数据更新的数据，即将从网上下载最新数据...
2023-11-20 22:13:45,919 : getSsqData.py  当前双色球期号为23133
2023-11-20 22:13:47,056 : getSsqData.py  开始下载双色球数据...
2023-11-20 22:13:47,509 : getSsqData.py  当前双色球期号为23133
2023-11-20 22:13:47,510 : getSsqData.py  全量双色球数据已下载完成，最新期数为23133期...
2023-11-20 22:13:47,512 : generateSsqNums.py  随机获取200组双色球数据...
2023-11-20 22:13:47,552 : generateSsqNums.py  为随机生成的数据增加辅助计算列...
2023-11-20 22:13:48,226 : __init__.py  保存最新的历史数据到数据库中...
2023-11-20 22:14:53,528 : getSsqData.py  当前双色球期号为23133
2023-11-20 22:14:53,528 : generateSsqNums.py  当前存在比本地数据更新的数据，即将从网上下载最新数据...
2023-11-20 22:14:53,814 : getSsqData.py  当前双色球期号为23133
2023-11-20 22:14:55,068 : getSsqData.py  开始下载双色球数据...
2023-11-20 22:14:55,525 : getSsqData.py  当前双色球期号为23133
2023-11-20 22:14:55,526 : getSsqData.py  全量双色球数据已下载完成，最新期数为23133期...
2023-11-20 22:14:55,527 : generateSsqNums.py  随机获取200组双色球数据...
2023-11-20 22:14:55,561 : generateSsqNums.py  为随机生成的数据增加辅助计算列...
2023-11-20 22:14:56,257 : __init__.py  保存最新的历史数据到数据库中...
2023-11-20 22:17:22,285 : getSsqData.py  当前双色球期号为23133
2023-11-20 22:17:22,285 : generateSsqNums.py  当前存在比本地数据更新的数据，即将从网上下载最新数据...
2023-11-20 22:17:22,549 : getSsqData.py  当前双色球期号为23133
2023-11-20 22:17:23,654 : getSsqData.py  开始下载双色球数据...
2023-11-20 22:17:24,060 : getSsqData.py  当前双色球期号为23133
2023-11-20 22:17:24,061 : getSsqData.py  全量双色球数据已下载完成，最新期数为23133期...
2023-11-20 22:19:28,833 : getSsqData.py  当前双色球期号为23133
2023-11-20 22:19:28,835 : generateSsqNums.py  当前存在比本地数据更新的数据，即将从网上下载最新数据...
2023-11-20 22:19:29,076 : getSsqData.py  当前双色球期号为23133
2023-11-20 22:19:30,208 : getSsqData.py  开始下载双色球数据...
2023-11-20 22:19:30,701 : getSsqData.py  当前双色球期号为23133
2023-11-20 22:19:30,702 : getSsqData.py  全量双色球数据已下载完成，最新期数为23133期...
2023-11-20 22:53:06,649 : getSsqData.py  当前双色球期号为23133
2023-11-20 22:53:06,651 : __init__.py  远端存在比本地数据更新的数据，即将从网上下载最新数据...
2023-11-20 22:53:06,921 : getSsqData.py  当前双色球期号为23133
2023-11-20 22:53:08,044 : getSsqData.py  开始下载双色球数据...
2023-11-20 22:53:08,469 : getSsqData.py  当前双色球期号为23133
2023-11-20 22:53:08,470 : getSsqData.py  全量双色球数据已下载完成，最新期数为23133期...
2023-11-20 22:53:08,691 : __init__.py  保存最新的历史数据到数据库中...
2023-11-20 22:54:04,409 : getSsqData.py  当前双色球期号为23133
2023-11-20 22:54:04,410 : __init__.py  远端存在比本地数据更新的数据，即将从网上下载最新数据...
2023-11-20 22:54:04,704 : getSsqData.py  当前双色球期号为23133
2023-11-20 22:54:05,872 : getSsqData.py  开始下载双色球数据...
2023-11-20 22:54:06,378 : getSsqData.py  当前双色球期号为23133
2023-11-20 22:54:06,379 : getSsqData.py  全量双色球数据已下载完成，最新期数为23133期...
2023-11-20 22:54:06,606 : __init__.py  保存最新的历史数据到数据库中...
2023-11-20 22:54:06,606 : generateSsqNums.py  随机获取200组双色球数据...
2023-11-20 22:54:06,639 : generateSsqNums.py  为随机生成的数据增加辅助计算列...
2023-11-20 22:54:50,761 : getSsqData.py  当前双色球期号为23133
2023-11-20 22:54:50,761 : __init__.py  远端存在比本地数据更新的数据，即将从网上下载最新数据...
2023-11-20 22:54:50,996 : getSsqData.py  当前双色球期号为23133
2023-11-20 22:54:52,166 : getSsqData.py  开始下载双色球数据...
2023-11-20 22:54:52,562 : getSsqData.py  当前双色球期号为23133
2023-11-20 22:54:52,563 : getSsqData.py  全量双色球数据已下载完成，最新期数为23133期...
2023-11-20 22:54:52,768 : __init__.py  保存最新的历史数据到数据库中...
2023-11-20 22:54:52,769 : generateSsqNums.py  随机获取200组双色球数据...
2023-11-20 22:54:52,799 : generateSsqNums.py  为随机生成的数据增加辅助计算列...
2023-11-20 23:01:54,022 : getSsqData.py  当前双色球期号为23133
2023-11-20 23:01:54,024 : __init__.py  远端存在比本地数据更新的数据，即将从网上下载最新数据...
2023-11-20 23:01:54,283 : getSsqData.py  当前双色球期号为23133
2023-11-20 23:01:55,426 : getSsqData.py  开始下载双色球数据...
2023-11-20 23:01:55,873 : getSsqData.py  当前双色球期号为23133
2023-11-20 23:01:55,873 : getSsqData.py  全量双色球数据已下载完成，最新期数为23133期...
2023-11-20 23:03:23,829 : getSsqData.py  当前双色球期号为23133
2023-11-20 23:03:23,829 : __init__.py  远端存在比本地数据更新的数据，即将从网上下载最新数据...
2023-11-20 23:03:24,061 : getSsqData.py  当前双色球期号为23133
2023-11-20 23:03:25,170 : getSsqData.py  开始下载双色球数据...
2023-11-20 23:03:25,596 : getSsqData.py  当前双色球期号为23133
2023-11-20 23:03:25,597 : getSsqData.py  全量双色球数据已下载完成，最新期数为23133期...
2023-11-20 23:03:25,849 : __init__.py  保存最新的历史数据到数据库中...
2023-11-20 23:03:25,850 : generateSsqNums.py  随机获取200组双色球数据...
2023-11-20 23:03:25,879 : generateSsqNums.py  为随机生成的数据增加辅助计算列...
2023-11-20 23:03:53,948 : getSsqData.py  当前双色球期号为23133
2023-11-20 23:03:53,949 : __init__.py  远端存在比本地数据更新的数据，即将从网上下载最新数据...
2023-11-20 23:03:54,164 : getSsqData.py  当前双色球期号为23133
2023-11-20 23:03:55,335 : getSsqData.py  开始下载双色球数据...
2023-11-20 23:03:55,728 : getSsqData.py  当前双色球期号为23133
2023-11-20 23:03:55,729 : getSsqData.py  全量双色球数据已下载完成，最新期数为23133期...
2023-11-20 23:03:55,998 : __init__.py  保存最新的历史数据到数据库中...
2023-11-20 23:03:55,998 : generateSsqNums.py  随机获取200组双色球数据...
2023-11-20 23:03:56,031 : generateSsqNums.py  为随机生成的数据增加辅助计算列...
2023-11-20 23:09:53,817 : getSsqData.py  当前双色球期号为23133
2023-11-20 23:09:53,819 : __init__.py  远端存在比本地数据更新的数据，即将从网上下载最新数据...
2023-11-20 23:09:54,158 : getSsqData.py  当前双色球期号为23133
2023-11-20 23:09:55,407 : getSsqData.py  开始下载双色球数据...
2023-11-20 23:09:55,822 : getSsqData.py  当前双色球期号为23133
2023-11-20 23:09:55,822 : getSsqData.py  全量双色球数据已下载完成，最新期数为23133期...
2023-11-20 23:12:15,432 : getSsqData.py  当前双色球期号为23133
2023-11-20 23:12:15,433 : __init__.py  远端存在比本地数据更新的数据，即将从网上下载最新数据...
2023-11-20 23:12:15,634 : getSsqData.py  当前双色球期号为23133
2023-11-20 23:12:16,790 : getSsqData.py  开始下载双色球数据...
2023-11-20 23:12:17,197 : getSsqData.py  当前双色球期号为23133
2023-11-20 23:12:17,198 : getSsqData.py  全量双色球数据已下载完成，最新期数为23133期...
2023-11-20 23:14:35,733 : getSsqData.py  当前双色球期号为23133
2023-11-20 23:14:35,735 : __init__.py  远端存在比本地数据更新的数据，即将从网上下载最新数据...
2023-11-20 23:14:36,003 : getSsqData.py  当前双色球期号为23133
2023-11-20 23:14:37,122 : getSsqData.py  开始下载双色球数据...
2023-11-20 23:14:37,564 : getSsqData.py  当前双色球期号为23133
2023-11-20 23:14:37,565 : getSsqData.py  全量双色球数据已下载完成，最新期数为23133期...
2023-11-20 23:16:05,537 : getSsqData.py  当前双色球期号为23133
2023-11-20 23:16:05,538 : __init__.py  远端存在比本地数据更新的数据，即将从网上下载最新数据...
2023-11-20 23:16:05,746 : getSsqData.py  当前双色球期号为23133
2023-11-20 23:16:06,862 : getSsqData.py  开始下载双色球数据...
2023-11-20 23:16:07,275 : getSsqData.py  当前双色球期号为23133
2023-11-20 23:16:07,276 : getSsqData.py  全量双色球数据已下载完成，最新期数为23133期...
2023-11-20 23:16:07,577 : __init__.py  保存最新的历史数据到数据库中...
2023-11-20 23:16:07,577 : generateSsqNums.py  随机获取200组双色球数据...
2023-11-20 23:16:07,609 : generateSsqNums.py  为随机生成的数据增加辅助计算列...
2023-11-20 23:16:19,975 : getSsqData.py  当前双色球期号为23133
2023-11-20 23:16:19,977 : __init__.py  远端存在比本地数据更新的数据，即将从网上下载最新数据...
2023-11-20 23:16:20,221 : getSsqData.py  当前双色球期号为23133
2023-11-20 23:16:21,341 : getSsqData.py  开始下载双色球数据...
2023-11-20 23:16:21,767 : getSsqData.py  当前双色球期号为23133
2023-11-20 23:16:21,767 : getSsqData.py  全量双色球数据已下载完成，最新期数为23133期...
2023-11-20 23:16:21,943 : __init__.py  保存最新的历史数据到数据库中...
2023-11-20 23:16:21,943 : generateSsqNums.py  随机获取200组双色球数据...
2023-11-20 23:16:21,972 : generateSsqNums.py  为随机生成的数据增加辅助计算列...
2023-11-20 23:19:13,838 : getSsqData.py  当前双色球期号为23133
2023-11-20 23:19:13,839 : __init__.py  远端存在比本地数据更新的数据，即将从网上下载最新数据...
2023-11-20 23:19:14,183 : getSsqData.py  当前双色球期号为23133
2023-11-20 23:19:15,338 : getSsqData.py  开始下载双色球数据...
2023-11-20 23:19:15,755 : getSsqData.py  当前双色球期号为23133
2023-11-20 23:19:15,756 : getSsqData.py  全量双色球数据已下载完成，最新期数为23133期...
2023-11-20 23:19:31,356 : getSsqData.py  当前双色球期号为23133
2023-11-20 23:19:31,358 : __init__.py  远端存在比本地数据更新的数据，即将从网上下载最新数据...
2023-11-20 23:19:31,614 : getSsqData.py  当前双色球期号为23133
2023-11-20 23:19:32,748 : getSsqData.py  开始下载双色球数据...
2023-11-20 23:19:33,187 : getSsqData.py  当前双色球期号为23133
2023-11-20 23:19:33,188 : getSsqData.py  全量双色球数据已下载完成，最新期数为23133期...
2023-11-20 23:19:33,439 : __init__.py  保存最新的历史数据到数据库中...
2023-11-20 23:19:33,439 : generateSsqNums.py  随机获取200组双色球数据...
2023-11-20 23:19:33,469 : generateSsqNums.py  为随机生成的数据增加辅助计算列...
2023-11-20 23:21:13,504 : getSsqData.py  当前双色球期号为23133
2023-11-20 23:21:13,505 : __init__.py  远端存在比本地数据更新的数据，即将从网上下载最新数据...
2023-11-20 23:21:13,785 : getSsqData.py  当前双色球期号为23133
2023-11-20 23:21:14,892 : getSsqData.py  开始下载双色球数据...
2023-11-20 23:21:15,298 : getSsqData.py  当前双色球期号为23133
2023-11-20 23:21:15,299 : getSsqData.py  全量双色球数据已下载完成，最新期数为23133期...
2023-11-20 23:21:15,567 : __init__.py  保存最新的历史数据到数据库中...
2023-11-20 23:21:15,567 : generateSsqNums.py  随机获取200组双色球数据...
2023-11-20 23:21:15,605 : generateSsqNums.py  为随机生成的数据增加辅助计算列...
2023-11-20 23:22:16,978 : getSsqData.py  当前双色球期号为23133
2023-11-20 23:22:16,979 : __init__.py  远端存在比本地数据更新的数据，即将从网上下载最新数据...
2023-11-20 23:22:17,205 : getSsqData.py  当前双色球期号为23133
2023-11-20 23:22:18,305 : getSsqData.py  开始下载双色球数据...
2023-11-20 23:22:18,692 : getSsqData.py  当前双色球期号为23133
2023-11-20 23:22:18,693 : getSsqData.py  全量双色球数据已下载完成，最新期数为23133期...
2023-11-20 23:22:18,965 : __init__.py  保存最新的历史数据到数据库中...
2023-11-20 23:22:18,966 : generateSsqNums.py  随机获取200组双色球数据...
2023-11-20 23:22:19,003 : generateSsqNums.py  为随机生成的数据增加辅助计算列...
2023-11-20 23:22:42,790 : getSsqData.py  当前双色球期号为23133
2023-11-20 23:22:42,791 : __init__.py  远端存在比本地数据更新的数据，即将从网上下载最新数据...
2023-11-20 23:22:42,989 : getSsqData.py  当前双色球期号为23133
2023-11-20 23:22:44,040 : getSsqData.py  开始下载双色球数据...
2023-11-20 23:22:44,496 : getSsqData.py  当前双色球期号为23133
2023-11-20 23:22:44,497 : getSsqData.py  全量双色球数据已下载完成，最新期数为23133期...
2023-11-20 23:22:44,778 : __init__.py  保存最新的历史数据到数据库中...
2023-11-20 23:22:44,779 : generateSsqNums.py  随机获取200组双色球数据...
2023-11-20 23:22:44,816 : generateSsqNums.py  为随机生成的数据增加辅助计算列...
2023-11-20 23:23:34,639 : getSsqData.py  当前双色球期号为23133
2023-11-20 23:23:34,640 : __init__.py  远端存在比本地数据更新的数据，即将从网上下载最新数据...
2023-11-20 23:23:34,896 : getSsqData.py  当前双色球期号为23133
2023-11-20 23:23:36,082 : getSsqData.py  开始下载双色球数据...
2023-11-20 23:23:36,479 : getSsqData.py  当前双色球期号为23133
2023-11-20 23:23:36,480 : getSsqData.py  全量双色球数据已下载完成，最新期数为23133期...
2023-11-20 23:23:36,754 : __init__.py  保存最新的历史数据到数据库中...
2023-11-20 23:23:36,754 : generateSsqNums.py  随机获取200组双色球数据...
2023-11-20 23:23:36,792 : generateSsqNums.py  为随机生成的数据增加辅助计算列...
2023-11-20 23:24:59,421 : getSsqData.py  当前双色球期号为23133
2023-11-20 23:24:59,423 : __init__.py  远端存在比本地数据更新的数据，即将从网上下载最新数据...
2023-11-20 23:24:59,724 : getSsqData.py  当前双色球期号为23133
2023-11-20 23:25:00,854 : getSsqData.py  开始下载双色球数据...
2023-11-20 23:25:01,255 : getSsqData.py  当前双色球期号为23133
2023-11-20 23:25:01,256 : getSsqData.py  全量双色球数据已下载完成，最新期数为23133期...
2023-11-20 23:26:35,317 : getSsqData.py  当前双色球期号为23133
2023-11-20 23:26:35,319 : __init__.py  远端存在比本地数据更新的数据，即将从网上下载最新数据...
2023-11-20 23:26:35,713 : getSsqData.py  当前双色球期号为23133
2023-11-20 23:26:37,007 : getSsqData.py  开始下载双色球数据...
2023-11-20 23:26:37,563 : getSsqData.py  当前双色球期号为23133
2023-11-20 23:26:37,565 : getSsqData.py  全量双色球数据已下载完成，最新期数为23133期...
2023-11-20 23:27:38,942 : getSsqData.py  当前双色球期号为23133
2023-11-20 23:27:38,943 : __init__.py  远端存在比本地数据更新的数据，即将从网上下载最新数据...
2023-11-20 23:27:39,276 : getSsqData.py  当前双色球期号为23133
2023-11-20 23:27:40,517 : getSsqData.py  开始下载双色球数据...
2023-11-20 23:27:40,999 : getSsqData.py  当前双色球期号为23133
2023-11-20 23:27:41,000 : getSsqData.py  全量双色球数据已下载完成，最新期数为23133期...
2023-11-20 23:31:47,615 : getSsqData.py  当前双色球期号为23133
2023-11-20 23:31:47,617 : __init__.py  远端存在比本地数据更新的数据，即将从网上下载最新数据...
2023-11-20 23:31:47,905 : getSsqData.py  当前双色球期号为23133
2023-11-20 23:31:49,139 : getSsqData.py  开始下载双色球数据...
2023-11-20 23:31:49,702 : getSsqData.py  当前双色球期号为23133
2023-11-20 23:31:49,703 : getSsqData.py  全量双色球数据已下载完成，最新期数为23133期...
2023-11-20 23:32:29,491 : getSsqData.py  当前双色球期号为23133
2023-11-20 23:32:29,493 : __init__.py  远端存在比本地数据更新的数据，即将从网上下载最新数据...
2023-11-20 23:32:29,833 : getSsqData.py  当前双色球期号为23133
2023-11-20 23:32:31,083 : getSsqData.py  开始下载双色球数据...
2023-11-20 23:32:31,671 : getSsqData.py  当前双色球期号为23133
2023-11-20 23:32:31,672 : getSsqData.py  全量双色球数据已下载完成，最新期数为23133期...
2023-11-20 23:35:10,714 : getSsqData.py  当前双色球期号为23133
2023-11-20 23:35:10,716 : __init__.py  远端存在比本地数据更新的数据，即将从网上下载最新数据...
2023-11-20 23:35:11,136 : getSsqData.py  当前双色球期号为23133
2023-11-20 23:35:12,448 : getSsqData.py  开始下载双色球数据...
2023-11-20 23:35:12,982 : getSsqData.py  当前双色球期号为23133
2023-11-20 23:35:12,983 : getSsqData.py  全量双色球数据已下载完成，最新期数为23133期...
2023-11-20 23:35:38,951 : getSsqData.py  当前双色球期号为23133
2023-11-20 23:35:38,953 : __init__.py  远端存在比本地数据更新的数据，即将从网上下载最新数据...
2023-11-20 23:35:39,249 : getSsqData.py  当前双色球期号为23133
2023-11-20 23:35:40,526 : getSsqData.py  开始下载双色球数据...
2023-11-20 23:35:41,054 : getSsqData.py  当前双色球期号为23133
2023-11-20 23:35:41,056 : getSsqData.py  全量双色球数据已下载完成，最新期数为23133期...
2023-11-20 23:36:25,494 : getSsqData.py  当前双色球期号为23133
2023-11-20 23:36:25,496 : __init__.py  远端存在比本地数据更新的数据，即将从网上下载最新数据...
2023-11-20 23:36:25,791 : getSsqData.py  当前双色球期号为23133
2023-11-20 23:36:27,044 : getSsqData.py  开始下载双色球数据...
2023-11-20 23:36:27,537 : getSsqData.py  当前双色球期号为23133
2023-11-20 23:36:27,538 : getSsqData.py  全量双色球数据已下载完成，最新期数为23133期...
2023-11-20 23:37:22,292 : getSsqData.py  当前双色球期号为23133
2023-11-20 23:37:22,293 : __init__.py  远端存在比本地数据更新的数据，即将从网上下载最新数据...
2023-11-20 23:37:22,623 : getSsqData.py  当前双色球期号为23133
2023-11-20 23:37:23,865 : getSsqData.py  开始下载双色球数据...
2023-11-20 23:37:24,451 : getSsqData.py  当前双色球期号为23133
2023-11-20 23:37:24,453 : getSsqData.py  全量双色球数据已下载完成，最新期数为23133期...
2023-11-20 23:38:03,000 : getSsqData.py  当前双色球期号为23133
2023-11-20 23:38:03,001 : __init__.py  远端存在比本地数据更新的数据，即将从网上下载最新数据...
2023-11-20 23:38:03,302 : getSsqData.py  当前双色球期号为23133
2023-11-20 23:38:04,603 : getSsqData.py  开始下载双色球数据...
2023-11-20 23:38:05,219 : getSsqData.py  当前双色球期号为23133
2023-11-20 23:38:05,221 : getSsqData.py  全量双色球数据已下载完成，最新期数为23133期...
2023-11-20 23:39:09,050 : getSsqData.py  当前双色球期号为23133
2023-11-20 23:39:09,052 : __init__.py  远端存在比本地数据更新的数据，即将从网上下载最新数据...
2023-11-20 23:39:09,426 : getSsqData.py  当前双色球期号为23133
2023-11-20 23:39:10,669 : getSsqData.py  开始下载双色球数据...
2023-11-20 23:39:11,198 : getSsqData.py  当前双色球期号为23133
2023-11-20 23:39:11,199 : getSsqData.py  全量双色球数据已下载完成，最新期数为23133期...
2023-11-20 23:39:11,469 : __init__.py  保存最新的历史数据到数据库中...
2023-11-20 23:39:11,469 : generateSsqNums.py  随机获取200组双色球数据...
2023-11-20 23:39:11,506 : generateSsqNums.py  为随机生成的数据增加辅助计算列...
2023-11-20 23:39:35,953 : getSsqData.py  当前双色球期号为23133
2023-11-20 23:39:35,954 : __init__.py  远端存在比本地数据更新的数据，即将从网上下载最新数据...
2023-11-20 23:39:36,229 : getSsqData.py  当前双色球期号为23133
2023-11-20 23:39:37,549 : getSsqData.py  开始下载双色球数据...
2023-11-20 23:39:38,075 : getSsqData.py  当前双色球期号为23133
2023-11-20 23:39:38,077 : getSsqData.py  全量双色球数据已下载完成，最新期数为23133期...
2023-11-20 23:39:38,365 : __init__.py  保存最新的历史数据到数据库中...
2023-11-20 23:39:38,366 : generateSsqNums.py  随机获取200组双色球数据...
2023-11-20 23:39:38,413 : generateSsqNums.py  为随机生成的数据增加辅助计算列...
2023-11-20 23:44:05,408 : getSsqData.py  当前双色球期号为23133
2023-11-20 23:44:05,409 : __init__.py  远端存在比本地数据更新的数据，即将从网上下载最新数据...
2023-11-20 23:44:05,753 : getSsqData.py  当前双色球期号为23133
2023-11-20 23:44:07,087 : getSsqData.py  开始下载双色球数据...
2023-11-20 23:44:07,616 : getSsqData.py  当前双色球期号为23133
2023-11-20 23:44:07,616 : getSsqData.py  全量双色球数据已下载完成，最新期数为23133期...
2023-11-20 23:44:07,981 : __init__.py  保存最新的历史数据到数据库中...
2023-11-20 23:44:07,981 : generateSsqNums.py  随机获取200组双色球数据...
2023-11-20 23:44:08,019 : generateSsqNums.py  为随机生成的数据增加辅助计算列...
2023-11-20 23:44:08,754 : getSsqData.py  当前双色球期号为23133
2023-11-20 23:44:08,755 : __init__.py  远端存在比本地数据更新的数据，即将从网上下载最新数据...
2023-11-20 23:44:09,027 : getSsqData.py  当前双色球期号为23133
2023-11-20 23:44:10,287 : getSsqData.py  开始下载双色球数据...
2023-11-20 23:44:10,812 : getSsqData.py  当前双色球期号为23133
2023-11-20 23:44:10,814 : getSsqData.py  全量双色球数据已下载完成，最新期数为23133期...
2023-11-20 23:44:11,020 : __init__.py  保存最新的历史数据到数据库中...
2023-11-20 23:44:11,020 : generateSsqNums.py  随机获取200组双色球数据...
2023-11-20 23:44:11,058 : generateSsqNums.py  为随机生成的数据增加辅助计算列...
2023-11-20 23:44:19,078 : getSsqData.py  当前双色球期号为23133
2023-11-20 23:44:19,080 : __init__.py  远端存在比本地数据更新的数据，即将从网上下载最新数据...
2023-11-20 23:44:19,372 : getSsqData.py  当前双色球期号为23133
2023-11-20 23:44:20,712 : getSsqData.py  开始下载双色球数据...
2023-11-20 23:44:21,275 : getSsqData.py  当前双色球期号为23133
2023-11-20 23:44:21,276 : getSsqData.py  全量双色球数据已下载完成，最新期数为23133期...
2023-11-20 23:44:21,570 : __init__.py  保存最新的历史数据到数据库中...
2023-11-20 23:44:21,571 : generateSsqNums.py  随机获取200组双色球数据...
2023-11-20 23:44:21,607 : generateSsqNums.py  为随机生成的数据增加辅助计算列...
2023-11-20 23:46:01,828 : getSsqData.py  当前双色球期号为23133
2023-11-20 23:46:01,829 : __init__.py  远端存在比本地数据更新的数据，即将从网上下载最新数据...
2023-11-20 23:46:02,098 : getSsqData.py  当前双色球期号为23133
2023-11-20 23:46:07,821 : getSsqData.py  开始下载双色球数据...
2023-11-20 23:46:08,384 : getSsqData.py  当前双色球期号为23133
2023-11-20 23:46:08,385 : getSsqData.py  全量双色球数据已下载完成，最新期数为23133期...
2023-11-20 23:46:08,642 : __init__.py  保存最新的历史数据到数据库中...
2023-11-20 23:46:08,642 : generateSsqNums.py  随机获取200组双色球数据...
2023-11-20 23:46:08,680 : generateSsqNums.py  为随机生成的数据增加辅助计算列...
2023-11-20 23:46:09,397 : getSsqData.py  当前双色球期号为23133
2023-11-20 23:46:09,397 : __init__.py  远端存在比本地数据更新的数据，即将从网上下载最新数据...
2023-11-20 23:46:09,667 : getSsqData.py  当前双色球期号为23133
2023-11-20 23:46:10,868 : getSsqData.py  开始下载双色球数据...
2023-11-20 23:46:11,360 : getSsqData.py  当前双色球期号为23133
2023-11-20 23:46:11,360 : getSsqData.py  全量双色球数据已下载完成，最新期数为23133期...
2023-11-20 23:46:11,569 : __init__.py  保存最新的历史数据到数据库中...
2023-11-20 23:46:11,569 : generateSsqNums.py  随机获取200组双色球数据...
2023-11-20 23:46:11,607 : generateSsqNums.py  为随机生成的数据增加辅助计算列...
2023-11-20 23:46:50,083 : getSsqData.py  当前双色球期号为23133
2023-11-20 23:46:50,084 : __init__.py  远端存在比本地数据更新的数据，即将从网上下载最新数据...
2023-11-20 23:46:50,404 : getSsqData.py  当前双色球期号为23133
2023-11-20 23:46:51,630 : getSsqData.py  开始下载双色球数据...
2023-11-20 23:46:52,151 : getSsqData.py  当前双色球期号为23133
2023-11-20 23:46:52,153 : getSsqData.py  全量双色球数据已下载完成，最新期数为23133期...
2023-11-20 23:46:52,397 : __init__.py  保存最新的历史数据到数据库中...
2023-11-20 23:46:52,397 : generateSsqNums.py  随机获取200组双色球数据...
2023-11-20 23:46:52,435 : generateSsqNums.py  为随机生成的数据增加辅助计算列...
2023-11-21 13:09:39,337 : getSsqData.py  当前双色球期号为23133
2023-11-21 13:09:39,340 : __init__.py  远端存在比本地数据更新的数据，即将从网上下载最新数据...
2023-11-21 13:09:39,602 : getSsqData.py  当前双色球期号为23133
2023-11-21 13:09:39,814 : getSsqData.py  开始下载双色球数据...
2023-11-21 13:09:40,046 : getSsqData.py  当前双色球期号为23133
2023-11-21 13:09:40,048 : getSsqData.py  全量双色球数据已下载完成，最新期数为23133期...
2023-11-21 13:09:40,084 : __init__.py  保存最新的历史数据到数据库中...
2023-11-21 13:09:40,085 : generateSsqNums.py  随机获取200组双色球数据...
2023-11-21 13:09:40,090 : generateSsqNums.py  为随机生成的数据增加辅助计算列...
2023-11-21 13:09:40,359 : getSsqData.py  当前双色球期号为23133
2023-11-21 13:09:40,360 : __init__.py  远端存在比本地数据更新的数据，即将从网上下载最新数据...
2023-11-21 13:09:40,539 : getSsqData.py  当前双色球期号为23133
2023-11-21 13:09:40,729 : getSsqData.py  开始下载双色球数据...
2023-11-21 13:09:41,026 : getSsqData.py  当前双色球期号为23133
2023-11-21 13:09:41,027 : getSsqData.py  全量双色球数据已下载完成，最新期数为23133期...
2023-11-21 13:09:41,032 : __init__.py  保存最新的历史数据到数据库中...
2023-11-21 13:09:41,033 : generateSsqNums.py  随机获取200组双色球数据...
2023-11-21 13:09:41,035 : generateSsqNums.py  为随机生成的数据增加辅助计算列...
2023-11-21 13:11:20,179 : getSsqData.py  当前双色球期号为23133
2023-11-21 13:11:20,180 : __init__.py  远端存在比本地数据更新的数据，即将从网上下载最新数据...
2023-11-21 13:11:20,432 : getSsqData.py  当前双色球期号为23133
2023-11-21 13:11:21,513 : getSsqData.py  开始下载双色球数据...
2023-11-21 13:11:21,885 : getSsqData.py  当前双色球期号为23133
2023-11-21 13:11:21,885 : getSsqData.py  全量双色球数据已下载完成，最新期数为23133期...
2023-11-21 13:11:22,102 : __init__.py  保存最新的历史数据到数据库中...
2023-11-21 13:11:22,102 : generateSsqNums.py  随机获取200组双色球数据...
2023-11-21 13:11:22,141 : generateSsqNums.py  为随机生成的数据增加辅助计算列...
2023-11-21 13:11:22,540 : getSsqData.py  当前双色球期号为23133
2023-11-21 13:11:22,542 : __init__.py  远端存在比本地数据更新的数据，即将从网上下载最新数据...
2023-11-21 13:11:22,764 : getSsqData.py  当前双色球期号为23133
2023-11-21 13:11:23,845 : getSsqData.py  开始下载双色球数据...
2023-11-21 13:11:24,325 : getSsqData.py  当前双色球期号为23133
2023-11-21 13:11:24,325 : getSsqData.py  全量双色球数据已下载完成，最新期数为23133期...
2023-11-21 13:11:24,504 : __init__.py  保存最新的历史数据到数据库中...
2023-11-21 13:11:24,504 : generateSsqNums.py  随机获取200组双色球数据...
2023-11-21 13:11:24,544 : generateSsqNums.py  为随机生成的数据增加辅助计算列...
2023-11-21 13:26:21,468 : getSsqData.py  当前双色球期号为23133
2023-11-21 13:27:12,683 : getSsqData.py  当前双色球期号为23133
2023-11-21 13:27:32,322 : getSsqData.py  当前双色球期号为23133
2023-11-21 13:28:32,862 : getSsqData.py  当前双色球期号为23133
2023-11-21 13:29:52,514 : getSsqData.py  当前双色球期号为23133
2023-11-21 13:30:35,163 : getSsqData.py  当前双色球期号为23133
2023-11-21 13:30:56,307 : getSsqData.py  当前双色球期号为23133
2023-11-21 13:31:23,344 : getSsqData.py  当前双色球期号为23133
2023-11-21 13:32:56,452 : getSsqData.py  当前双色球期号为23133
2023-11-21 13:33:28,178 : getSsqData.py  当前双色球期号为23133
2023-11-21 13:47:54,234 : getSsqData.py  当前双色球期号为23133
2023-11-21 14:04:38,379 : getSsqData.py  当前双色球期号为23133
2023-11-21 14:07:02,209 : getSsqData.py  当前双色球期号为23133
2023-11-21 14:27:09,240 : getSsqData.py  当前双色球期号为23133
2023-11-21 15:35:43,822 : getSsqData.py  当前双色球期号为23133
2023-11-21 15:35:43,833 : __init__.py  当前数据库中历史数据为空，即将从网页上获取最新的历史数据...
2023-11-21 15:38:26,429 : getSsqData.py  当前双色球期号为23133
2023-11-21 15:38:26,441 : __init__.py  当前数据库中历史数据为空，即将从网页上获取最新的历史数据...
2023-11-21 15:38:26,678 : getSsqData.py  开始下载双色球数据...
2023-11-21 15:38:26,687 : getSsqData.py  全量双色球数据已下载完成，最新期数为23133期...
2023-11-21 15:51:45,257 : getSsqData.py  当前双色球期号为23133
2023-11-21 15:51:45,332 : __init__.py  当前数据库中历史数据为空，即将从网页上获取最新的历史数据...
2023-11-21 15:51:45,528 : getSsqData.py  开始下载双色球数据...
2023-11-21 15:51:45,537 : getSsqData.py  全量双色球数据已下载完成，最新期数为23133期...
2023-11-21 15:51:45,538 : __init__.py  成功获取全量数据，将数据保存到数据库中...
2023-11-21 15:51:45,666 : __init__.py  已保存最新的历史数据到数据库中...
2023-11-21 16:13:50,509 : getSsqData.py  当前双色球期号为23133
2023-11-21 16:13:50,532 : __init__.py  从数据库中读取当前库中的所有数据，开始对比本地最新期号和远端最新期号...
2023-11-21 16:13:50,537 : __init__.py  当前本地数据与官网最新数据期号不一致，从远端获取最新的数据...
2023-11-21 16:13:52,838 : getSsqData.py  开始下载双色球数据...
2023-11-21 16:13:53,440 : getSsqData.py  全量双色球数据已下载完成，最新期数为23133期...
2023-11-21 16:14:39,157 : getSsqData.py  当前双色球期号为23133
2023-11-21 16:14:39,180 : __init__.py  从数据库中读取当前库中的所有数据，开始对比本地最新期号和远端最新期号...
2023-11-21 16:14:39,185 : __init__.py  当前本地数据与官网最新数据期号不一致，从远端获取最新的数据...
2023-11-21 16:14:41,759 : getSsqData.py  开始下载双色球数据...
2023-11-21 16:14:42,337 : getSsqData.py  全量双色球数据已下载完成，最新期数为23133期...
2023-11-21 16:15:25,944 : getSsqData.py  当前双色球期号为23133
2023-11-21 16:15:25,965 : __init__.py  从数据库中读取当前库中的所有数据，开始对比本地最新期号和远端最新期号...
2023-11-21 16:15:25,972 : __init__.py  当前本地数据与官网最新数据期号不一致，从远端获取最新的数据...
2023-11-21 16:15:28,159 : getSsqData.py  开始下载双色球数据...
2023-11-21 16:15:28,682 : getSsqData.py  全量双色球数据已下载完成，最新期数为23133期...
2023-11-21 16:16:38,944 : getSsqData.py  当前双色球期号为23133
2023-11-21 16:16:38,951 : __init__.py  从数据库中读取当前库中的所有数据，开始对比本地最新期号和远端最新期号...
2023-11-21 16:16:38,953 : __init__.py  当前本地数据与官网最新数据期号一致，使用本地数据...
2023-11-21 16:28:28,961 : __init__.py  当前数据库中历史数据为空，即将从网页上获取最新的历史数据...
2023-11-21 16:28:29,790 : getSsqData.py  当前远端双色球数据最新期号为23133
2023-11-21 16:28:30,344 : getSsqData.py  开始下载双色球数据...
2023-11-21 16:28:30,355 : getSsqData.py  全量双色球数据已下载完成，最新期数为23133期...
2023-11-21 16:28:30,355 : __init__.py  成功获取全量数据，将数据保存到数据库中...
2023-11-21 16:28:30,362 : __init__.py  已保存最新的历史数据到数据库中...
2023-11-21 16:36:29,233 : __init__.py  从数据库中读取当前库中的所有数据，开始对比本地最新期号和远端最新期号...
2023-11-21 16:36:30,076 : getSsqData.py  当前远端双色球数据最新期号为23133
2023-11-21 16:36:30,083 : __init__.py  当前本地数据与官网最新数据期号一致，使用本地数据...
2023-11-21 16:38:02,408 : __init__.py  当前数据库中历史数据为空，即将从网页上获取最新的历史数据...
2023-11-21 16:38:02,876 : getSsqData.py  当前远端双色球数据最新期号为23133
2023-11-21 16:38:03,167 : getSsqData.py  开始下载双色球数据...
2023-11-21 16:38:03,174 : getSsqData.py  全量双色球数据已下载完成，最新期数为23133期...
2023-11-21 16:38:03,175 : __init__.py  成功获取全量数据，将数据保存到数据库中...
2023-11-21 16:38:03,204 : __init__.py  已保存最新的历史数据到数据库中...
2023-11-21 16:39:29,138 : __init__.py  当前数据库中历史数据为空，即将从网页上获取最新的历史数据...
2023-11-21 16:39:29,489 : getSsqData.py  当前远端双色球数据最新期号为23133
2023-11-21 16:39:31,897 : getSsqData.py  开始下载双色球数据...
2023-11-21 16:39:32,678 : getSsqData.py  全量双色球数据已下载完成，最新期数为23133期...
2023-11-21 16:39:32,681 : __init__.py  成功获取全量数据，将数据保存到数据库中...
2023-11-21 16:39:33,014 : __init__.py  已保存最新的历史数据到数据库中...
2023-11-21 16:40:56,659 : __init__.py  从数据库中读取当前库中的所有数据，开始对比本地最新期号和远端最新期号...
2023-11-21 16:40:57,229 : getSsqData.py  当前远端双色球数据最新期号为23133
2023-11-21 16:40:57,230 : __init__.py  当前本地数据与官网最新数据期号一致，使用本地数据...
2023-11-21 16:41:59,499 : __init__.py  从数据库中读取当前库中的所有数据，开始对比本地最新期号和远端最新期号...
2023-11-21 16:42:00,202 : getSsqData.py  当前远端双色球数据最新期号为23133
2023-11-21 16:42:00,204 : __init__.py  当前本地数据与官网最新数据期号不一致，从远端获取最新的数据...
2023-11-21 16:42:00,651 : getSsqData.py  开始下载双色球数据...
2023-11-21 16:42:00,652 : getSsqData.py  全量双色球数据已下载完成，最新期数为23133期...
2023-11-21 16:43:17,028 : __init__.py  从数据库中读取当前库中的所有数据，开始对比本地最新期号和远端最新期号...
2023-11-21 16:43:20,743 : getSsqData.py  当前远端双色球数据最新期号为23133
2023-11-21 16:43:20,744 : __init__.py  当前本地数据与官网最新数据期号不一致，从远端获取最新的数据...
2023-11-21 16:43:20,973 : getSsqData.py  开始下载双色球数据...
2023-11-21 16:43:20,975 : getSsqData.py  全量双色球数据已下载完成，最新期数为23133期...
2023-11-21 16:43:44,943 : __init__.py  从数据库中读取当前库中的所有数据，开始对比本地最新期号和远端最新期号...
2023-11-21 16:43:45,370 : getSsqData.py  当前远端双色球数据最新期号为23133
2023-11-21 16:43:45,371 : __init__.py  当前本地数据与官网最新数据期号不一致，从远端获取最新的数据...
2023-11-21 16:43:45,679 : getSsqData.py  开始下载双色球数据...
2023-11-21 16:43:45,683 : getSsqData.py  全量双色球数据已下载完成，最新期数为23133期...
2023-11-21 16:44:02,672 : __init__.py  从数据库中读取当前库中的所有数据，开始对比本地最新期号和远端最新期号...
2023-11-21 16:44:03,195 : getSsqData.py  当前远端双色球数据最新期号为23133
2023-11-21 16:44:03,198 : __init__.py  当前本地数据与官网最新数据期号不一致，从远端获取最新的数据...
2023-11-21 16:44:03,492 : getSsqData.py  开始下载双色球数据...
2023-11-21 16:44:03,506 : getSsqData.py  全量双色球数据已下载完成，最新期数为23133期...
2023-11-21 16:46:06,171 : __init__.py  从数据库中读取当前库中的所有数据，开始对比本地最新期号和远端最新期号...
2023-11-21 16:46:06,648 : getSsqData.py  当前远端双色球数据最新期号为23133
2023-11-21 16:46:06,649 : __init__.py  当前本地数据与官网最新数据期号不一致，从远端获取最新的数据...
2023-11-21 16:46:06,835 : getSsqData.py  开始下载双色球数据...
2023-11-21 16:46:06,836 : getSsqData.py  全量双色球数据已下载完成，最新期数为23133期...
2023-11-21 16:46:06,840 : __init__.py  将最新的数据追加写入数据库中...
2023-11-21 16:47:21,859 : __init__.py  从数据库中读取当前库中的所有数据，开始对比本地最新期号和远端最新期号...
2023-11-21 16:47:22,342 : getSsqData.py  当前远端双色球数据最新期号为23133
2023-11-21 16:47:22,345 : __init__.py  当前本地数据与官网最新数据期号一致，使用本地数据...
2023-11-21 16:48:03,596 : __init__.py  从数据库中读取当前库中的所有数据，开始对比本地最新期号和远端最新期号...
2023-11-21 16:48:04,009 : getSsqData.py  当前远端双色球数据最新期号为23133
2023-11-21 16:48:04,010 : __init__.py  当前本地数据与官网最新数据期号不一致，从远端获取最新的数据...
2023-11-21 16:48:04,214 : getSsqData.py  开始下载双色球数据...
2023-11-21 16:48:04,216 : getSsqData.py  全量双色球数据已下载完成，最新期数为23133期...
2023-11-21 16:48:04,221 : __init__.py  将最新的数据追加写入数据库中...
2023-11-21 16:52:30,373 : __init__.py  从数据库中读取当前库中的所有数据，开始对比本地最新期号和远端最新期号...
2023-11-21 16:52:31,214 : getSsqData.py  当前远端双色球数据最新期号为23133
2023-11-21 16:52:31,215 : __init__.py  当前本地数据与官网最新数据期号一致，使用本地数据...
2023-11-21 16:52:31,215 : generateSsqNums.py  随机获取200组双色球数据...
2023-11-21 16:52:31,276 : generateSsqNums.py  为随机生成的数据增加辅助计算列...
2023-11-21 16:53:16,116 : __init__.py  从数据库中读取当前库中的所有数据，开始对比本地最新期号和远端最新期号...
2023-11-21 16:53:16,598 : getSsqData.py  当前远端双色球数据最新期号为23133
2023-11-21 16:53:16,599 : __init__.py  当前本地数据与官网最新数据期号一致，使用本地数据...
2023-11-21 16:53:16,599 : generateSsqNums.py  随机获取200组双色球数据...
2023-11-21 16:53:16,806 : generateSsqNums.py  为随机生成的数据增加辅助计算列...
2023-11-21 16:54:10,545 : __init__.py  从数据库中读取当前库中的所有数据，开始对比本地最新期号和远端最新期号...
2023-11-21 16:54:10,824 : getSsqData.py  当前远端双色球数据最新期号为23133
2023-11-21 16:54:10,825 : __init__.py  当前本地数据与官网最新数据期号一致，使用本地数据...
2023-11-21 16:54:10,825 : generateSsqNums.py  随机获取200组双色球数据...
2023-11-21 16:54:10,856 : generateSsqNums.py  为随机生成的数据增加辅助计算列...
2023-11-21 17:04:13,208 : __init__.py  从数据库中读取当前库中的所有数据，开始对比本地最新期号和远端最新期号...
2023-11-21 17:04:13,509 : getSsqData.py  当前远端双色球数据最新期号为23133
2023-11-21 17:04:13,510 : __init__.py  当前本地数据与官网最新数据期号一致，使用本地数据...
2023-11-21 17:04:13,510 : generateSsqNums.py  随机获取200组双色球数据...
2023-11-21 17:04:13,544 : generateSsqNums.py  为随机生成的数据增加辅助计算列...
2023-11-21 17:04:52,667 : __init__.py  从数据库中读取当前库中的所有数据，开始对比本地最新期号和远端最新期号...
2023-11-21 17:04:52,988 : getSsqData.py  当前远端双色球数据最新期号为23133
2023-11-21 17:04:52,989 : __init__.py  当前本地数据与官网最新数据期号一致，使用本地数据...
2023-11-21 17:04:52,989 : generateSsqNums.py  随机获取200组双色球数据...
2023-11-21 17:04:53,026 : generateSsqNums.py  为随机生成的数据增加辅助计算列...
2023-11-21 17:04:53,524 : __init__.py  已将随机生成的数据组写入到数据库中...
2023-11-21 17:05:31,039 : __init__.py  从数据库中读取当前库中的所有数据，开始对比本地最新期号和远端最新期号...
2023-11-21 17:05:31,350 : getSsqData.py  当前远端双色球数据最新期号为23133
2023-11-21 17:05:31,350 : __init__.py  当前本地数据与官网最新数据期号一致，使用本地数据...
2023-11-21 17:05:31,351 : generateSsqNums.py  随机获取200组双色球数据...
2023-11-21 17:05:31,388 : generateSsqNums.py  为随机生成的数据增加辅助计算列...
2023-11-21 17:05:31,886 : __init__.py  已将随机生成的数据组写入到数据库中...
2023-11-21 17:05:46,981 : __init__.py  从数据库中读取当前库中的所有数据，开始对比本地最新期号和远端最新期号...
2023-11-21 17:05:47,264 : getSsqData.py  当前远端双色球数据最新期号为23133
2023-11-21 17:05:47,265 : __init__.py  当前本地数据与官网最新数据期号一致，使用本地数据...
2023-11-21 17:05:47,265 : generateSsqNums.py  随机获取200组双色球数据...
2023-11-21 17:05:47,300 : generateSsqNums.py  为随机生成的数据增加辅助计算列...
2023-11-21 17:05:47,815 : __init__.py  已将随机生成的数据组写入到数据库中...
2023-11-21 17:06:24,750 : __init__.py  从数据库中读取当前库中的所有数据，开始对比本地最新期号和远端最新期号...
2023-11-21 17:06:25,017 : getSsqData.py  当前远端双色球数据最新期号为23133
2023-11-21 17:06:25,018 : __init__.py  当前本地数据与官网最新数据期号一致，使用本地数据...
2023-11-21 17:06:25,018 : generateSsqNums.py  随机获取200组双色球数据...
2023-11-21 17:06:25,049 : generateSsqNums.py  为随机生成的数据增加辅助计算列...
2023-11-21 17:06:25,558 : __init__.py  已将随机生成的数据组写入到数据库中...
2023-11-21 17:07:01,895 : __init__.py  从数据库中读取当前库中的所有数据，开始对比本地最新期号和远端最新期号...
2023-11-21 17:07:02,356 : getSsqData.py  当前远端双色球数据最新期号为23133
2023-11-21 17:07:02,358 : __init__.py  当前本地数据与官网最新数据期号一致，使用本地数据...
2023-11-21 17:07:02,358 : generateSsqNums.py  随机获取200组双色球数据...
2023-11-21 17:07:02,403 : generateSsqNums.py  为随机生成的数据增加辅助计算列...
2023-11-21 17:07:02,891 : __init__.py  已将随机生成的数据组写入到数据库中...
2023-11-21 17:07:39,926 : __init__.py  从数据库中读取当前库中的所有数据，开始对比本地最新期号和远端最新期号...
2023-11-21 17:07:40,220 : getSsqData.py  当前远端双色球数据最新期号为23133
2023-11-21 17:07:40,221 : __init__.py  当前本地数据与官网最新数据期号一致，使用本地数据...
2023-11-21 17:07:40,221 : generateSsqNums.py  随机获取200组双色球数据...
2023-11-21 17:07:40,253 : generateSsqNums.py  为随机生成的数据增加辅助计算列...
2023-11-21 17:07:40,750 : __init__.py  已将随机生成的数据组写入到数据库中...
2023-11-21 17:08:26,972 : __init__.py  从数据库中读取当前库中的所有数据，开始对比本地最新期号和远端最新期号...
2023-11-21 17:08:27,399 : getSsqData.py  当前远端双色球数据最新期号为23133
2023-11-21 17:08:27,400 : __init__.py  当前本地数据与官网最新数据期号一致，使用本地数据...
2023-11-21 17:08:27,400 : generateSsqNums.py  随机获取200组双色球数据...
2023-11-21 17:08:27,444 : generateSsqNums.py  为随机生成的数据增加辅助计算列...
2023-11-21 17:08:27,954 : __init__.py  已将随机生成的数据组写入到数据库中...
2023-11-21 17:11:56,511 : __init__.py  从数据库中读取当前库中的所有数据，开始对比本地最新期号和远端最新期号...
2023-11-21 17:11:56,840 : getSsqData.py  当前远端双色球数据最新期号为23133
2023-11-21 17:11:56,841 : __init__.py  当前本地数据与官网最新数据期号一致，使用本地数据...
2023-11-21 17:11:56,841 : generateSsqNums.py  随机获取200组双色球数据...
2023-11-21 17:11:56,879 : generateSsqNums.py  为随机生成的数据增加辅助计算列...
2023-11-21 17:12:15,816 : __init__.py  从数据库中读取当前库中的所有数据，开始对比本地最新期号和远端最新期号...
2023-11-21 17:12:16,091 : getSsqData.py  当前远端双色球数据最新期号为23133
2023-11-21 17:12:16,092 : __init__.py  当前本地数据与官网最新数据期号一致，使用本地数据...
2023-11-21 17:12:16,092 : generateSsqNums.py  随机获取200组双色球数据...
2023-11-21 17:12:16,127 : generateSsqNums.py  为随机生成的数据增加辅助计算列...
2023-11-21 17:12:37,555 : __init__.py  从数据库中读取当前库中的所有数据，开始对比本地最新期号和远端最新期号...
2023-11-21 17:12:37,835 : getSsqData.py  当前远端双色球数据最新期号为23133
2023-11-21 17:12:37,836 : __init__.py  当前本地数据与官网最新数据期号一致，使用本地数据...
2023-11-21 17:12:37,836 : generateSsqNums.py  随机获取200组双色球数据...
2023-11-21 17:12:37,866 : generateSsqNums.py  为随机生成的数据增加辅助计算列...
2023-11-21 17:13:08,174 : __init__.py  从数据库中读取当前库中的所有数据，开始对比本地最新期号和远端最新期号...
2023-11-21 17:13:08,504 : getSsqData.py  当前远端双色球数据最新期号为23133
2023-11-21 17:13:08,505 : __init__.py  当前本地数据与官网最新数据期号一致，使用本地数据...
2023-11-21 17:13:08,505 : generateSsqNums.py  随机获取200组双色球数据...
2023-11-21 17:13:08,545 : generateSsqNums.py  为随机生成的数据增加辅助计算列...
2023-11-21 17:13:59,414 : __init__.py  从数据库中读取当前库中的所有数据，开始对比本地最新期号和远端最新期号...
2023-11-21 17:14:00,076 : getSsqData.py  当前远端双色球数据最新期号为23133
2023-11-21 17:14:00,078 : __init__.py  当前本地数据与官网最新数据期号一致，使用本地数据...
2023-11-21 17:14:00,079 : generateSsqNums.py  随机获取200组双色球数据...
2023-11-21 17:14:00,123 : generateSsqNums.py  为随机生成的数据增加辅助计算列...
2023-11-21 17:14:00,632 : __init__.py  已将随机生成的数据组写入到数据库中...
2023-11-21 17:14:50,418 : __init__.py  从数据库中读取当前库中的所有数据，开始对比本地最新期号和远端最新期号...
2023-11-21 17:14:50,939 : getSsqData.py  当前远端双色球数据最新期号为23133
2023-11-21 17:14:50,941 : __init__.py  当前本地数据与官网最新数据期号一致，使用本地数据...
2023-11-21 17:14:50,941 : generateSsqNums.py  随机获取200组双色球数据...
2023-11-21 17:14:50,983 : generateSsqNums.py  为随机生成的数据增加辅助计算列...
2023-11-21 17:14:51,471 : __init__.py  已将随机生成的数据组写入到数据库中...
2023-11-21 17:16:05,725 : __init__.py  当前数据库中历史数据为空，即将从网页上获取最新的历史数据...
2023-11-21 17:16:05,942 : getSsqData.py  当前远端双色球数据最新期号为23133
2023-11-21 17:16:07,217 : getSsqData.py  开始下载双色球数据...
2023-11-21 17:16:07,408 : getSsqData.py  全量双色球数据已下载完成，最新期数为23133期...
2023-11-21 17:16:07,409 : __init__.py  成功获取全量数据，将数据保存到数据库中...
2023-11-21 17:16:07,567 : __init__.py  已保存最新的历史数据到数据库中...
2023-11-21 17:16:07,568 : generateSsqNums.py  随机获取200组双色球数据...
2023-11-21 17:16:07,606 : generateSsqNums.py  为随机生成的数据增加辅助计算列...
2023-11-21 17:18:37,106 : __init__.py  从数据库中读取当前库中的所有数据，开始对比本地最新期号和远端最新期号...
2023-11-21 17:18:37,514 : getSsqData.py  当前远端双色球数据最新期号为23133
2023-11-21 17:18:37,515 : __init__.py  当前本地数据与官网最新数据期号一致，使用本地数据...
2023-11-21 17:18:37,515 : generateSsqNums.py  随机获取200组双色球数据...
2023-11-21 17:18:37,559 : generateSsqNums.py  为随机生成的数据增加辅助计算列...
2023-11-21 17:19:17,101 : __init__.py  从数据库中读取当前库中的所有数据，开始对比本地最新期号和远端最新期号...
2023-11-21 17:19:18,225 : getSsqData.py  当前远端双色球数据最新期号为23133
2023-11-21 17:19:18,227 : __init__.py  当前本地数据与官网最新数据期号一致，使用本地数据...
2023-11-21 17:19:18,227 : generateSsqNums.py  随机获取200组双色球数据...
2023-11-21 17:19:18,268 : generateSsqNums.py  为随机生成的数据增加辅助计算列...
2023-11-21 17:20:38,557 : __init__.py  从数据库中读取当前库中的所有数据，开始对比本地最新期号和远端最新期号...
2023-11-21 17:20:38,988 : getSsqData.py  当前远端双色球数据最新期号为23133
2023-11-21 17:20:38,989 : __init__.py  当前本地数据与官网最新数据期号一致，使用本地数据...
2023-11-21 17:20:38,990 : generateSsqNums.py  随机获取200组双色球数据...
2023-11-21 17:20:39,033 : generateSsqNums.py  为随机生成的数据增加辅助计算列...
2023-11-21 17:21:17,072 : __init__.py  从数据库中读取当前库中的所有数据，开始对比本地最新期号和远端最新期号...
2023-11-21 17:21:17,391 : getSsqData.py  当前远端双色球数据最新期号为23133
2023-11-21 17:21:17,392 : __init__.py  当前本地数据与官网最新数据期号一致，使用本地数据...
2023-11-21 17:21:17,392 : generateSsqNums.py  随机获取200组双色球数据...
2023-11-21 17:21:17,426 : generateSsqNums.py  为随机生成的数据增加辅助计算列...
2023-11-21 17:21:43,798 : __init__.py  从数据库中读取当前库中的所有数据，开始对比本地最新期号和远端最新期号...
2023-11-21 17:21:44,077 : getSsqData.py  当前远端双色球数据最新期号为23133
2023-11-21 17:21:44,078 : __init__.py  当前本地数据与官网最新数据期号一致，使用本地数据...
2023-11-21 17:21:44,078 : generateSsqNums.py  随机获取200组双色球数据...
2023-11-21 17:21:44,113 : generateSsqNums.py  为随机生成的数据增加辅助计算列...
2023-11-21 17:22:38,713 : __init__.py  从数据库中读取当前库中的所有数据，开始对比本地最新期号和远端最新期号...
2023-11-21 17:22:38,971 : getSsqData.py  当前远端双色球数据最新期号为23133
2023-11-21 17:22:38,972 : __init__.py  当前本地数据与官网最新数据期号一致，使用本地数据...
2023-11-21 17:22:38,972 : generateSsqNums.py  随机获取200组双色球数据...
2023-11-21 17:22:39,005 : generateSsqNums.py  为随机生成的数据增加辅助计算列...
2023-11-21 17:23:02,928 : __init__.py  从数据库中读取当前库中的所有数据，开始对比本地最新期号和远端最新期号...
2023-11-21 17:23:03,211 : getSsqData.py  当前远端双色球数据最新期号为23133
2023-11-21 17:23:03,212 : __init__.py  当前本地数据与官网最新数据期号一致，使用本地数据...
2023-11-21 17:23:03,212 : generateSsqNums.py  随机获取200组双色球数据...
2023-11-21 17:23:03,246 : generateSsqNums.py  为随机生成的数据增加辅助计算列...
2023-11-21 17:23:21,498 : __init__.py  从数据库中读取当前库中的所有数据，开始对比本地最新期号和远端最新期号...
2023-11-21 17:23:21,978 : getSsqData.py  当前远端双色球数据最新期号为23133
2023-11-21 17:23:21,979 : __init__.py  当前本地数据与官网最新数据期号一致，使用本地数据...
2023-11-21 17:23:21,979 : generateSsqNums.py  随机获取200组双色球数据...
2023-11-21 17:23:22,023 : generateSsqNums.py  为随机生成的数据增加辅助计算列...
2023-11-21 17:24:12,436 : __init__.py  从数据库中读取当前库中的所有数据，开始对比本地最新期号和远端最新期号...
2023-11-21 17:24:12,795 : getSsqData.py  当前远端双色球数据最新期号为23133
2023-11-21 17:24:12,796 : __init__.py  当前本地数据与官网最新数据期号一致，使用本地数据...
2023-11-21 17:24:12,796 : generateSsqNums.py  随机获取200组双色球数据...
2023-11-21 17:24:12,834 : generateSsqNums.py  为随机生成的数据增加辅助计算列...
2023-11-21 17:25:07,237 : __init__.py  从数据库中读取当前库中的所有数据，开始对比本地最新期号和远端最新期号...
2023-11-21 17:25:07,493 : getSsqData.py  当前远端双色球数据最新期号为23133
2023-11-21 17:25:07,493 : __init__.py  当前本地数据与官网最新数据期号一致，使用本地数据...
2023-11-21 17:25:07,493 : generateSsqNums.py  随机获取200组双色球数据...
2023-11-21 17:25:07,528 : generateSsqNums.py  为随机生成的数据增加辅助计算列...
2023-11-21 17:25:51,536 : __init__.py  从数据库中读取当前库中的所有数据，开始对比本地最新期号和远端最新期号...
2023-11-21 17:25:51,794 : getSsqData.py  当前远端双色球数据最新期号为23133
2023-11-21 17:25:51,795 : __init__.py  当前本地数据与官网最新数据期号一致，使用本地数据...
2023-11-21 17:25:51,795 : generateSsqNums.py  随机获取200组双色球数据...
2023-11-21 17:25:51,828 : generateSsqNums.py  为随机生成的数据增加辅助计算列...
2023-11-21 17:26:09,532 : __init__.py  从数据库中读取当前库中的所有数据，开始对比本地最新期号和远端最新期号...
2023-11-21 17:26:09,831 : getSsqData.py  当前远端双色球数据最新期号为23133
2023-11-21 17:26:09,832 : __init__.py  当前本地数据与官网最新数据期号一致，使用本地数据...
2023-11-21 17:26:09,832 : generateSsqNums.py  随机获取200组双色球数据...
2023-11-21 17:26:09,869 : generateSsqNums.py  为随机生成的数据增加辅助计算列...
2023-11-21 17:26:19,153 : __init__.py  从数据库中读取当前库中的所有数据，开始对比本地最新期号和远端最新期号...
2023-11-21 17:26:19,689 : getSsqData.py  当前远端双色球数据最新期号为23133
2023-11-21 17:26:19,690 : __init__.py  当前本地数据与官网最新数据期号一致，使用本地数据...
2023-11-21 17:26:19,690 : generateSsqNums.py  随机获取200组双色球数据...
2023-11-21 17:26:19,731 : generateSsqNums.py  为随机生成的数据增加辅助计算列...
2023-11-21 17:27:22,261 : __init__.py  从数据库中读取当前库中的所有数据，开始对比本地最新期号和远端最新期号...
2023-11-21 17:27:22,584 : getSsqData.py  当前远端双色球数据最新期号为23133
2023-11-21 17:27:22,584 : __init__.py  当前本地数据与官网最新数据期号一致，使用本地数据...
2023-11-21 17:27:22,584 : generateSsqNums.py  随机获取200组双色球数据...
2023-11-21 17:27:22,618 : generateSsqNums.py  为随机生成的数据增加辅助计算列...
2023-11-21 17:27:23,127 : __init__.py  已将随机生成的数据组写入到数据库中...
2023-11-21 17:27:42,825 : __init__.py  从数据库中读取当前库中的所有数据，开始对比本地最新期号和远端最新期号...
2023-11-21 17:27:43,116 : getSsqData.py  当前远端双色球数据最新期号为23133
2023-11-21 17:27:43,117 : __init__.py  当前本地数据与官网最新数据期号一致，使用本地数据...
2023-11-21 17:27:43,118 : generateSsqNums.py  随机获取200组双色球数据...
2023-11-21 17:27:43,160 : generateSsqNums.py  为随机生成的数据增加辅助计算列...
2023-11-21 17:27:43,661 : __init__.py  已将随机生成的数据组写入到数据库中...
2023-11-21 17:28:14,520 : __init__.py  从数据库中读取当前库中的所有数据，开始对比本地最新期号和远端最新期号...
2023-11-21 17:28:14,846 : getSsqData.py  当前远端双色球数据最新期号为23133
2023-11-21 17:28:14,847 : __init__.py  当前本地数据与官网最新数据期号一致，使用本地数据...
2023-11-21 17:28:14,847 : generateSsqNums.py  随机获取200组双色球数据...
2023-11-21 17:28:14,886 : generateSsqNums.py  为随机生成的数据增加辅助计算列...
2023-11-21 17:28:15,373 : __init__.py  已将随机生成的数据组写入到数据库中...
2023-11-30 11:33:20,254 : __init__.py  从数据库中读取当前库中的所有数据，开始对比本地最新期号和远端最新期号...
2023-11-30 11:33:20,769 : getSsqData.py  当前远端双色球数据最新期号为23137
2023-11-30 11:33:20,770 : __init__.py  当前本地数据与官网最新数据期号不一致，从远端获取最新的数据...
2023-11-30 11:33:20,947 : getSsqData.py  开始下载双色球数据...
2023-11-30 11:33:20,951 : getSsqData.py  全量双色球数据已下载完成，最新期数为23137期...
2023-11-30 11:33:20,952 : __init__.py  将最新的数据追加写入数据库中...
2023-11-30 11:33:20,962 : generateSsqNums.py  随机获取200组双色球数据...
2023-11-30 11:33:20,997 : generateSsqNums.py  为随机生成的数据增加辅助计算列...
2023-11-30 11:33:21,616 : __init__.py  已将随机生成的数据组写入到数据库中...
2023-11-30 11:34:14,594 : __init__.py  从数据库中读取当前库中的所有数据，开始对比本地最新期号和远端最新期号...
2023-11-30 11:34:15,047 : getSsqData.py  当前远端双色球数据最新期号为23137
2023-11-30 11:34:15,047 : __init__.py  当前本地数据与官网最新数据期号一致，使用本地数据...
2023-11-30 11:34:15,048 : generateSsqNums.py  随机获取200组双色球数据...
2023-11-30 11:34:15,081 : generateSsqNums.py  为随机生成的数据增加辅助计算列...
2023-11-30 11:34:15,595 : __init__.py  已将随机生成的数据组写入到数据库中...
2023-11-30 11:36:47,951 : __init__.py  从数据库中读取当前库中的所有数据，开始对比本地最新期号和远端最新期号...
2023-11-30 11:36:48,339 : getSsqData.py  当前远端双色球数据最新期号为23137
2023-11-30 11:36:48,340 : __init__.py  当前本地数据与官网最新数据期号不一致，从远端获取最新的数据...
2023-11-30 11:36:48,515 : getSsqData.py  开始下载双色球数据...
2023-11-30 11:36:48,516 : getSsqData.py  全量双色球数据已下载完成，最新期数为23137期...
2023-11-30 11:36:48,517 : __init__.py  将最新的数据追加写入数据库中...
2023-11-30 11:36:48,524 : generateSsqNums.py  随机获取200组双色球数据...
2023-11-30 11:36:48,557 : generateSsqNums.py  为随机生成的数据增加辅助计算列...
2023-11-30 11:36:49,161 : __init__.py  已将随机生成的数据组写入到数据库中...
2023-11-30 19:46:05,415 : __init__.py  从数据库中读取当前库中的所有数据，开始对比本地最新期号和远端最新期号...
2023-11-30 19:46:06,320 : getSsqData.py  当前远端双色球数据最新期号为23137
2023-11-30 19:46:06,322 : __init__.py  当前本地数据与官网最新数据期号一致，使用本地数据...
2023-11-30 19:46:06,322 : generateSsqNums.py  随机获取200组双色球数据...
2023-11-30 19:46:06,363 : generateSsqNums.py  为随机生成的数据增加辅助计算列...
2023-11-30 19:46:06,848 : __init__.py  已将随机生成的数据组写入到数据库中...
2023-11-30 19:46:23,119 : __init__.py  从数据库中读取当前库中的所有数据，开始对比本地最新期号和远端最新期号...
2023-11-30 19:46:23,459 : getSsqData.py  当前远端双色球数据最新期号为23137
2023-11-30 19:46:23,460 : __init__.py  当前本地数据与官网最新数据期号一致，使用本地数据...
2023-11-30 19:46:23,461 : generateSsqNums.py  随机获取200组双色球数据...
2023-11-30 19:46:23,505 : generateSsqNums.py  为随机生成的数据增加辅助计算列...
2023-11-30 19:46:23,997 : __init__.py  已将随机生成的数据组写入到数据库中...
2023-11-30 19:46:50,031 : __init__.py  从数据库中读取当前库中的所有数据，开始对比本地最新期号和远端最新期号...
2023-11-30 19:46:50,367 : getSsqData.py  当前远端双色球数据最新期号为23137
2023-11-30 19:46:50,369 : __init__.py  当前本地数据与官网最新数据期号一致，使用本地数据...
2023-11-30 19:46:50,369 : generateSsqNums.py  随机获取200组双色球数据...
2023-11-30 19:46:50,407 : generateSsqNums.py  为随机生成的数据增加辅助计算列...
2023-11-30 19:46:50,869 : __init__.py  已将随机生成的数据组写入到数据库中...
2023-11-30 19:47:19,695 : __init__.py  从数据库中读取当前库中的所有数据，开始对比本地最新期号和远端最新期号...
2023-11-30 19:47:20,067 : getSsqData.py  当前远端双色球数据最新期号为23137
2023-11-30 19:47:20,067 : __init__.py  当前本地数据与官网最新数据期号一致，使用本地数据...
2023-11-30 19:47:20,068 : generateSsqNums.py  随机获取200组双色球数据...
2023-11-30 19:47:20,103 : generateSsqNums.py  为随机生成的数据增加辅助计算列...
2023-11-30 19:47:20,576 : __init__.py  已将随机生成的数据组写入到数据库中...
2023-11-30 19:47:29,482 : __init__.py  从数据库中读取当前库中的所有数据，开始对比本地最新期号和远端最新期号...
2023-11-30 19:47:29,960 : getSsqData.py  当前远端双色球数据最新期号为23137
2023-11-30 19:47:29,961 : __init__.py  当前本地数据与官网最新数据期号一致，使用本地数据...
2023-11-30 19:47:29,961 : generateSsqNums.py  随机获取200组双色球数据...
2023-11-30 19:47:30,001 : generateSsqNums.py  为随机生成的数据增加辅助计算列...
2023-11-30 19:47:30,467 : __init__.py  已将随机生成的数据组写入到数据库中...
2023-11-30 19:48:19,939 : __init__.py  从数据库中读取当前库中的所有数据，开始对比本地最新期号和远端最新期号...
2023-11-30 19:48:20,317 : getSsqData.py  当前远端双色球数据最新期号为23137
2023-11-30 19:48:20,318 : __init__.py  当前本地数据与官网最新数据期号一致，使用本地数据...
2023-11-30 19:48:20,318 : generateSsqNums.py  随机获取200组双色球数据...
2023-11-30 19:48:20,356 : generateSsqNums.py  为随机生成的数据增加辅助计算列...
2023-11-30 19:48:20,830 : __init__.py  已将随机生成的数据组写入到数据库中...
2023-11-30 19:49:21,078 : __init__.py  从数据库中读取当前库中的所有数据，开始对比本地最新期号和远端最新期号...
2023-11-30 19:49:21,474 : getSsqData.py  当前远端双色球数据最新期号为23137
2023-11-30 19:49:21,476 : __init__.py  当前本地数据与官网最新数据期号一致，使用本地数据...
2023-11-30 19:49:21,476 : generateSsqNums.py  随机获取200组双色球数据...
2023-11-30 19:49:21,517 : generateSsqNums.py  为随机生成的数据增加辅助计算列...
2023-11-30 19:49:21,996 : __init__.py  已将随机生成的数据组写入到数据库中...
2023-11-30 19:50:23,404 : __init__.py  从数据库中读取当前库中的所有数据，开始对比本地最新期号和远端最新期号...
2023-11-30 19:50:23,749 : getSsqData.py  当前远端双色球数据最新期号为23137
2023-11-30 19:50:23,750 : __init__.py  当前本地数据与官网最新数据期号一致，使用本地数据...
2023-11-30 19:50:23,750 : generateSsqNums.py  随机获取200组双色球数据...
2023-11-30 19:50:23,792 : generateSsqNums.py  为随机生成的数据增加辅助计算列...
2023-11-30 19:50:24,290 : __init__.py  已将随机生成的数据组写入到数据库中...
2023-11-30 19:50:43,800 : __init__.py  从数据库中读取当前库中的所有数据，开始对比本地最新期号和远端最新期号...
2023-11-30 19:50:44,170 : getSsqData.py  当前远端双色球数据最新期号为23137
2023-11-30 19:50:44,171 : __init__.py  当前本地数据与官网最新数据期号一致，使用本地数据...
2023-11-30 19:50:44,171 : generateSsqNums.py  随机获取200组双色球数据...
2023-11-30 19:50:44,209 : generateSsqNums.py  为随机生成的数据增加辅助计算列...
2023-11-30 19:50:44,668 : __init__.py  已将随机生成的数据组写入到数据库中...
2023-11-30 19:51:08,170 : __init__.py  从数据库中读取当前库中的所有数据，开始对比本地最新期号和远端最新期号...
2023-11-30 19:51:08,560 : getSsqData.py  当前远端双色球数据最新期号为23137
2023-11-30 19:51:08,561 : __init__.py  当前本地数据与官网最新数据期号一致，使用本地数据...
2023-11-30 19:51:08,561 : generateSsqNums.py  随机获取200组双色球数据...
2023-11-30 19:51:08,599 : generateSsqNums.py  为随机生成的数据增加辅助计算列...
2023-11-30 19:51:09,146 : __init__.py  已将随机生成的数据组写入到数据库中...
2023-11-30 19:51:14,019 : __init__.py  从数据库中读取当前库中的所有数据，开始对比本地最新期号和远端最新期号...
2023-11-30 19:51:14,294 : getSsqData.py  当前远端双色球数据最新期号为23137
2023-11-30 19:51:14,296 : __init__.py  当前本地数据与官网最新数据期号一致，使用本地数据...
2023-11-30 19:51:14,297 : generateSsqNums.py  随机获取200组双色球数据...
2023-11-30 19:51:14,337 : generateSsqNums.py  为随机生成的数据增加辅助计算列...
2023-11-30 19:51:14,812 : __init__.py  已将随机生成的数据组写入到数据库中...
2023-11-30 19:53:19,231 : __init__.py  从数据库中读取当前库中的所有数据，开始对比本地最新期号和远端最新期号...
2023-11-30 19:53:19,750 : getSsqData.py  当前远端双色球数据最新期号为23137
2023-11-30 19:53:19,751 : __init__.py  当前本地数据与官网最新数据期号一致，使用本地数据...
2023-11-30 19:53:19,751 : generateSsqNums.py  随机获取200组双色球数据...
2023-11-30 19:53:19,785 : generateSsqNums.py  为随机生成的数据增加辅助计算列...
2023-11-30 19:53:20,295 : __init__.py  已将随机生成的数据组写入到数据库中...
2023-11-30 19:53:28,659 : __init__.py  从数据库中读取当前库中的所有数据，开始对比本地最新期号和远端最新期号...
2023-11-30 19:53:28,952 : getSsqData.py  当前远端双色球数据最新期号为23137
2023-11-30 19:53:28,953 : __init__.py  当前本地数据与官网最新数据期号一致，使用本地数据...
2023-11-30 19:53:28,953 : generateSsqNums.py  随机获取200组双色球数据...
2023-11-30 19:53:28,989 : generateSsqNums.py  为随机生成的数据增加辅助计算列...
2023-11-30 19:53:29,494 : __init__.py  已将随机生成的数据组写入到数据库中...
2023-11-30 22:14:31,062 : __init__.py  从数据库中读取当前库中的所有数据，开始对比本地最新期号和远端最新期号...
2023-11-30 22:14:31,471 : getSsqData.py  当前远端双色球数据最新期号为23137
2023-11-30 22:14:31,472 : __init__.py  当前本地数据与官网最新数据期号一致，使用本地数据...
2023-11-30 22:14:31,472 : generateSsqNums.py  随机获取200组双色球数据...
2023-11-30 22:14:31,512 : generateSsqNums.py  为随机生成的数据增加辅助计算列...
2023-11-30 22:14:32,020 : __init__.py  已将随机生成的数据组写入到数据库中...
2023-11-30 22:24:10,031 : __init__.py  从数据库中读取当前库中的所有数据，开始对比本地最新期号和远端最新期号...
2023-11-30 22:24:10,456 : getSsqData.py  当前远端双色球数据最新期号为23137
2023-11-30 22:24:10,457 : __init__.py  当前本地数据与官网最新数据期号一致，使用本地数据...
2023-11-30 22:24:10,457 : generateSsqNums.py  随机获取200组双色球数据...
2023-11-30 22:24:10,496 : generateSsqNums.py  为随机生成的数据增加辅助计算列...
2023-11-30 22:24:10,991 : __init__.py  已将随机生成的数据组写入到数据库中...
2023-11-30 22:37:00,035 : __init__.py  从数据库中读取当前库中的所有数据，开始对比本地最新期号和远端最新期号...
2023-11-30 22:37:00,647 : getSsqData.py  当前远端双色球数据最新期号为23138
2023-11-30 22:37:00,648 : __init__.py  当前本地数据与官网最新数据期号不一致，从远端获取最新的数据...
2023-11-30 22:37:00,858 : getSsqData.py  开始下载双色球数据...
2023-11-30 22:37:00,869 : getSsqData.py  全量双色球数据已下载完成，最新期数为23138期...
2023-11-30 22:37:00,876 : __init__.py  将最新的数据追加写入数据库中...
2023-11-30 22:37:00,888 : generateSsqNums.py  随机获取200组双色球数据...
2023-11-30 22:37:00,947 : generateSsqNums.py  为随机生成的数据增加辅助计算列...
2023-11-30 22:37:01,510 : __init__.py  已将随机生成的数据组写入到数据库中...
2023-11-30 22:37:39,375 : __init__.py  从数据库中读取当前库中的所有数据，开始对比本地最新期号和远端最新期号...
2023-11-30 22:37:39,725 : getSsqData.py  当前远端双色球数据最新期号为23138
2023-11-30 22:37:39,726 : __init__.py  当前本地数据与官网最新数据期号一致，使用本地数据...
2023-11-30 22:37:39,726 : generateSsqNums.py  随机获取200组双色球数据...
2023-11-30 22:37:39,762 : generateSsqNums.py  为随机生成的数据增加辅助计算列...
2023-11-30 22:37:40,241 : __init__.py  已将随机生成的数据组写入到数据库中...
2023-12-05 15:50:43,595 : __init__.py  从数据库中读取当前库中的所有数据，开始对比本地最新期号和远端最新期号...
2023-12-05 15:50:43,914 : getSsqData.py  当前远端双色球数据最新期号为23139
2023-12-05 15:50:43,915 : __init__.py  当前本地数据与官网最新数据期号不一致，从远端获取最新的数据...
2023-12-05 15:50:44,137 : getSsqData.py  开始下载双色球数据...
2023-12-05 15:50:44,142 : getSsqData.py  全量双色球数据已下载完成，最新期数为23139期...
2023-12-05 15:50:44,144 : __init__.py  将最新的数据追加写入数据库中...
2023-12-05 15:50:44,159 : generateSsqNums.py  随机获取200组双色球数据...
2023-12-05 15:50:44,201 : generateSsqNums.py  为随机生成的数据增加辅助计算列...
2023-12-05 15:50:44,721 : __init__.py  已将随机生成的数据组写入到数据库中...
2023-12-05 15:52:00,034 : __init__.py  从数据库中读取当前库中的所有数据，开始对比本地最新期号和远端最新期号...
2023-12-05 15:52:00,403 : getSsqData.py  当前远端双色球数据最新期号为23139
2023-12-05 15:52:00,403 : __init__.py  当前本地数据与官网最新数据期号一致，使用本地数据...
2023-12-05 15:52:00,403 : generateSsqNums.py  随机获取200组双色球数据...
2023-12-05 15:52:00,436 : generateSsqNums.py  为随机生成的数据增加辅助计算列...
2023-12-05 15:52:00,897 : __init__.py  已将随机生成的数据组写入到数据库中...
2023-12-05 17:31:12,191 : __init__.py  从数据库中读取当前库中的所有数据，开始对比本地最新期号和远端最新期号...
2023-12-05 17:31:12,509 : getSsqData.py  当前远端双色球数据最新期号为23139
2023-12-05 17:31:12,510 : __init__.py  当前本地数据与官网最新数据期号一致，使用本地数据...
2023-12-05 17:31:12,510 : generateSsqNums.py  随机获取200组双色球数据...
2023-12-05 17:31:12,542 : generateSsqNums.py  为随机生成的数据增加辅助计算列...
2023-12-05 17:31:13,022 : __init__.py  已将随机生成的数据组写入到数据库中...
2023-12-05 21:17:17,890 : sendMessage.py  开始验证access token...
2023-12-05 21:17:18,226 : sendMessage.py  用户access token验证通过...
2023-12-05 21:17:18,477 : sendMessage.py  发送信息失败，请查看相关配置...
2023-12-05 21:18:07,859 : sendMessage.py  开始验证access token...
2023-12-05 21:18:08,213 : sendMessage.py  用户access token验证通过...
2023-12-05 21:18:08,502 : sendMessage.py  发送信息失败，请查看相关配置...
2023-12-05 21:20:26,402 : sendMessage.py  开始验证access token...
2023-12-05 21:20:26,748 : sendMessage.py  用户access token验证通过...
2023-12-05 21:20:27,040 : sendMessage.py  发送信息失败，请查看相关配置...
2023-12-05 21:20:38,907 : sendMessage.py  开始验证access token...
2023-12-05 21:20:39,328 : sendMessage.py  用户access token验证通过...
2023-12-05 21:20:39,588 : sendMessage.py  发送信息失败，请查看相关配置...
2023-12-05 21:20:57,005 : sendMessage.py  开始验证access token...
2023-12-05 21:20:57,371 : sendMessage.py  用户access token验证通过...
2023-12-05 21:20:57,626 : sendMessage.py  发送信息失败，请查看相关配置...
2023-12-05 21:21:33,304 : sendMessage.py  开始验证access token...
2023-12-05 21:21:33,641 : sendMessage.py  用户access token验证通过...
2023-12-05 21:44:01,173 : __init__.py  当前数据库中历史数据为空，即将从网页上获取最新的历史数据...
2023-12-05 21:44:01,557 : getSsqData.py  当前远端双色球数据最新期号为23139
2023-12-05 21:44:02,712 : getSsqData.py  开始下载双色球数据...
2023-12-05 21:44:02,917 : getSsqData.py  全量双色球数据已下载完成，最新期数为23139期...
2023-12-05 21:44:02,921 : __init__.py  成功获取全量数据，将数据保存到数据库中...
2023-12-05 21:44:03,381 : __init__.py  已保存最新的历史数据到数据库中...
2023-12-05 21:44:03,384 : generateSsqNums.py  随机获取200组双色球数据...
2023-12-05 21:44:03,448 : generateSsqNums.py  为随机生成的数据增加辅助计算列...
2023-12-05 21:48:35,606 : __init__.py  当前数据库中没有预测数据，开始随机生成数据...
2023-12-05 21:48:35,645 : __init__.py  从数据库中读取当前库中的所有数据，开始对比本地最新期号和远端最新期号...
2023-12-05 21:48:36,136 : getSsqData.py  当前远端双色球数据最新期号为23139
2023-12-05 21:48:36,137 : __init__.py  当前本地数据与官网最新数据期号一致，使用本地数据...
2023-12-05 21:48:36,137 : generateSsqNums.py  随机获取200组双色球数据...
2023-12-05 21:48:36,176 : generateSsqNums.py  为随机生成的数据增加辅助计算列...
2023-12-05 21:48:56,723 : __init__.py  当前数据库中没有预测数据，开始随机生成数据...
2023-12-05 21:48:56,739 : __init__.py  从数据库中读取当前库中的所有数据，开始对比本地最新期号和远端最新期号...
2023-12-05 21:48:57,116 : getSsqData.py  当前远端双色球数据最新期号为23139
2023-12-05 21:48:57,116 : __init__.py  当前本地数据与官网最新数据期号一致，使用本地数据...
2023-12-05 21:48:57,116 : generateSsqNums.py  随机获取200组双色球数据...
2023-12-05 21:48:57,148 : generateSsqNums.py  为随机生成的数据增加辅助计算列...
2023-12-05 21:50:16,234 : __init__.py  当前数据库中没有预测数据，开始随机生成数据...
2023-12-05 21:50:16,255 : __init__.py  从数据库中读取当前库中的所有数据，开始对比本地最新期号和远端最新期号...
2023-12-05 21:50:16,729 : getSsqData.py  当前远端双色球数据最新期号为23139
2023-12-05 21:50:16,730 : __init__.py  当前本地数据与官网最新数据期号一致，使用本地数据...
2023-12-05 21:50:16,731 : generateSsqNums.py  随机获取200组双色球数据...
2023-12-05 21:50:16,776 : generateSsqNums.py  为随机生成的数据增加辅助计算列...
2023-12-05 21:55:34,806 : __init__.py  当前数据库中没有预测数据，开始随机生成数据...
2023-12-05 21:55:34,831 : __init__.py  从数据库中读取当前库中的所有数据，开始对比本地最新期号和远端最新期号...
2023-12-05 21:55:35,291 : getSsqData.py  当前远端双色球数据最新期号为23139
2023-12-05 21:55:35,291 : __init__.py  当前本地数据与官网最新数据期号一致，使用本地数据...
2023-12-05 21:55:35,292 : generateSsqNums.py  随机获取200组双色球数据...
2023-12-05 21:55:35,325 : generateSsqNums.py  为随机生成的数据增加辅助计算列...
2023-12-05 21:56:50,887 : __init__.py  当前数据库中没有预测数据，开始随机生成数据...
2023-12-05 21:56:50,917 : __init__.py  从数据库中读取当前库中的所有数据，开始对比本地最新期号和远端最新期号...
2023-12-05 21:56:51,358 : getSsqData.py  当前远端双色球数据最新期号为23139
2023-12-05 21:56:51,359 : __init__.py  当前本地数据与官网最新数据期号一致，使用本地数据...
2023-12-05 21:56:51,359 : generateSsqNums.py  随机获取200组双色球数据...
2023-12-05 21:56:51,398 : generateSsqNums.py  为随机生成的数据增加辅助计算列...
2023-12-05 21:59:10,229 : __init__.py  当前数据库中没有预测数据，开始随机生成数据...
2023-12-05 21:59:10,254 : __init__.py  从数据库中读取当前库中的所有数据，开始对比本地最新期号和远端最新期号...
2023-12-05 21:59:10,691 : getSsqData.py  当前远端双色球数据最新期号为23139
2023-12-05 21:59:10,692 : __init__.py  当前本地数据与官网最新数据期号一致，使用本地数据...
2023-12-05 21:59:10,692 : generateSsqNums.py  随机获取200组双色球数据...
2023-12-05 21:59:10,730 : generateSsqNums.py  为随机生成的数据增加辅助计算列...
2023-12-05 22:00:17,343 : __init__.py  当前数据库中没有预测数据，开始随机生成数据...
2023-12-05 22:00:17,387 : __init__.py  从数据库中读取当前库中的所有数据，开始对比本地最新期号和远端最新期号...
2023-12-05 22:00:17,794 : getSsqData.py  当前远端双色球数据最新期号为23139
2023-12-05 22:00:17,795 : __init__.py  当前本地数据与官网最新数据期号一致，使用本地数据...
2023-12-05 22:00:17,795 : generateSsqNums.py  随机获取200组双色球数据...
2023-12-05 22:00:17,831 : generateSsqNums.py  为随机生成的数据增加辅助计算列...
2023-12-05 22:00:51,704 : __init__.py  从数据库中读取当前库中的所有数据，开始对比本地最新期号和远端最新期号...
2023-12-05 22:00:52,126 : getSsqData.py  当前远端双色球数据最新期号为23139
2023-12-05 22:00:52,128 : __init__.py  当前本地数据与官网最新数据期号一致，使用本地数据...
2023-12-05 22:00:52,128 : generateSsqNums.py  随机获取200组双色球数据...
2023-12-05 22:00:52,168 : generateSsqNums.py  为随机生成的数据增加辅助计算列...
2023-12-05 22:01:11,788 : __init__.py  从数据库中读取当前库中的所有数据，开始对比本地最新期号和远端最新期号...
2023-12-05 22:01:12,167 : getSsqData.py  当前远端双色球数据最新期号为23139
2023-12-05 22:01:12,167 : __init__.py  当前本地数据与官网最新数据期号一致，使用本地数据...
2023-12-05 22:01:12,168 : generateSsqNums.py  随机获取200组双色球数据...
2023-12-05 22:01:12,202 : generateSsqNums.py  为随机生成的数据增加辅助计算列...
2023-12-05 22:01:12,676 : __init__.py  已将随机生成的数据组写入到数据库中...
2023-12-05 22:02:16,363 : __init__.py  从数据库中读取当前库中的所有数据，开始对比本地最新期号和远端最新期号...
2023-12-05 22:02:16,866 : getSsqData.py  当前远端双色球数据最新期号为23139
2023-12-05 22:02:16,867 : __init__.py  当前本地数据与官网最新数据期号一致，使用本地数据...
2023-12-05 22:02:16,867 : generateSsqNums.py  随机获取200组双色球数据...
2023-12-05 22:02:16,911 : generateSsqNums.py  为随机生成的数据增加辅助计算列...
2023-12-05 22:03:36,427 : __init__.py  当前数据库中没有预测数据，开始随机生成数据...
2023-12-05 22:03:36,448 : __init__.py  从数据库中读取当前库中的所有数据，开始对比本地最新期号和远端最新期号...
2023-12-05 22:03:36,849 : getSsqData.py  当前远端双色球数据最新期号为23139
2023-12-05 22:03:36,850 : __init__.py  当前本地数据与官网最新数据期号一致，使用本地数据...
2023-12-05 22:03:36,850 : generateSsqNums.py  随机获取200组双色球数据...
2023-12-05 22:03:36,884 : generateSsqNums.py  为随机生成的数据增加辅助计算列...
2023-12-05 22:07:06,261 : __init__.py  从数据库中读取当前库中的所有数据，开始对比本地最新期号和远端最新期号...
2023-12-05 22:07:06,666 : getSsqData.py  当前远端双色球数据最新期号为23139
2023-12-05 22:07:06,667 : __init__.py  当前本地数据与官网最新数据期号一致，使用本地数据...
2023-12-05 22:07:06,667 : generateSsqNums.py  随机获取200组双色球数据...
2023-12-05 22:07:06,709 : generateSsqNums.py  为随机生成的数据增加辅助计算列...
2023-12-05 22:08:02,362 : __init__.py  从数据库中读取当前库中的所有数据，开始对比本地最新期号和远端最新期号...
2023-12-05 22:08:02,995 : getSsqData.py  当前远端双色球数据最新期号为23139
2023-12-05 22:08:02,996 : __init__.py  当前本地数据与官网最新数据期号一致，使用本地数据...
2023-12-05 22:08:02,997 : generateSsqNums.py  随机获取200组双色球数据...
2023-12-05 22:08:03,042 : generateSsqNums.py  为随机生成的数据增加辅助计算列...
2023-12-05 22:16:22,285 : __init__.py  当前数据库中历史数据为空，即将从网页上获取最新的历史数据...
2023-12-05 22:16:22,598 : getSsqData.py  当前远端双色球数据最新期号为23140
2023-12-05 22:16:23,754 : getSsqData.py  开始下载双色球数据...
2023-12-05 22:16:23,951 : getSsqData.py  全量双色球数据已下载完成，最新期数为23140期...
2023-12-05 22:16:23,952 : __init__.py  成功获取全量数据，将数据保存到数据库中...
2023-12-05 22:16:24,467 : __init__.py  已保存最新的历史数据到数据库中...
2023-12-05 22:16:24,469 : generateSsqNums.py  随机获取200组双色球数据...
2023-12-05 22:16:24,549 : generateSsqNums.py  为随机生成的数据增加辅助计算列...
2023-12-05 22:18:28,799 : __init__.py  从数据库中读取当前库中的所有数据，开始对比本地最新期号和远端最新期号...
2023-12-05 22:18:29,277 : getSsqData.py  当前远端双色球数据最新期号为23140
2023-12-05 22:18:29,278 : __init__.py  当前本地数据与官网最新数据期号一致，使用本地数据...
2023-12-05 22:18:29,278 : generateSsqNums.py  随机获取200组双色球数据...
2023-12-05 22:18:29,315 : generateSsqNums.py  为随机生成的数据增加辅助计算列...
2023-12-05 22:18:29,959 : __init__.py  已将随机生成的数据组写入到数据库中...
2023-12-05 22:18:40,676 : sendMessage.py  开始验证access token...
2023-12-05 22:18:41,055 : sendMessage.py  用户access token验证通过...
2023-12-05 22:18:41,376 : sendMessage.py  发送信息失败，请查看相关配置...
2023-12-05 22:20:03,477 : sendMessage.py  开始验证access token...
2023-12-05 22:20:03,856 : sendMessage.py  用户access token验证通过...
2023-12-05 22:20:04,217 : sendMessage.py  发送信息成功，请在企业微信中查收...
2023-12-05 22:35:13,556 : sendMessage.py  开始验证access token...
2023-12-05 22:35:13,895 : sendMessage.py  用户access token验证通过...
2023-12-05 22:35:14,150 : sendMessage.py  发送信息成功，请在企业微信中查收...
2023-12-05 22:38:29,678 : sendMessage.py  开始验证access token...
2023-12-05 22:38:29,678 : sendMessage.py  开始验证access token...
2023-12-05 22:38:30,030 : sendMessage.py  用户access token验证通过...
2023-12-05 22:38:30,030 : sendMessage.py  用户access token验证通过...
2023-12-05 22:38:30,301 : sendMessage.py  发送信息成功，请在企业微信中查收...
2023-12-05 22:38:30,301 : sendMessage.py  发送信息成功，请在企业微信中查收...
2023-12-05 22:38:59,528 : sendMessage.py  开始验证access token...
2023-12-05 22:38:59,836 : sendMessage.py  用户access token验证通过...
2023-12-05 22:39:00,140 : sendMessage.py  发送信息成功，请在企业微信中查收...
2023-12-05 22:40:00,066 : __init__.py  从数据库中读取当前库中的所有数据，开始对比本地最新期号和远端最新期号...
2023-12-05 22:40:00,590 : getSsqData.py  当前远端双色球数据最新期号为23140
2023-12-05 22:40:00,591 : __init__.py  当前本地数据与官网最新数据期号一致，使用本地数据...
2023-12-05 22:40:00,591 : generateSsqNums.py  随机获取200组双色球数据...
2023-12-05 22:40:00,628 : generateSsqNums.py  为随机生成的数据增加辅助计算列...
2023-12-05 22:40:01,287 : __init__.py  已将随机生成的数据组写入到数据库中...
2023-12-05 22:40:01,289 : app.py  自动生成随机数组成功...
2023-12-05 22:40:30,104 : sendMessage.py  开始验证access token...
2023-12-05 22:40:30,404 : sendMessage.py  用户access token验证通过...
2023-12-05 22:40:30,686 : sendMessage.py  发送信息成功，请在企业微信中查收...
2023-12-05 22:40:30,739 : app.py  自动发送消息成功...
2023-12-05 22:51:30,121 : sendMessage.py  开始验证access token...
2023-12-05 22:51:30,622 : sendMessage.py  用户access token验证通过...
2023-12-05 22:51:30,883 : sendMessage.py  发送信息成功，请在企业微信中查收...
2023-12-05 22:51:30,930 : app.py  自动发送消息成功...
